<?xml version="1.0" encoding="UTF-8"?>
<!-- Generated by org.testng.reporters.JUnitReportReporter -->
<testsuite skipped="0" hostname="coyote" name="clo.LoginPage" tests="8" failures="0" timestamp="06 May 2019 20:33:42 GMT" time="49.104" errors="0">
  <testcase name="loginPositive" time="14.198" classname="clo.LoginPage"/>
  <testcase name="createNewAppointment" time="8.469" classname="clo.LoginPage"/>
  <testcase name="createApptSameTime" time="8.291" classname="clo.LoginPage"/>
  <testcase name="updateAppointment" time="6.235" classname="clo.LoginPage"/>
  <testcase name="deleteAppointment" time="1.179" classname="clo.LoginPage"/>
  <testcase name="newMessageSent" time="4.564" classname="clo.LoginPage"/>
  <testcase name="newMessageReply" time="3.891" classname="clo.LoginPage"/>
  <testcase name="deleteMessage" time="2.277" classname="clo.LoginPage"/>
</testsuite> <!-- clo.LoginPage -->
