<?xml version="1.0" encoding="UTF-8"?>
<!-- Generated by org.testng.reporters.JUnitReportReporter -->
<testsuite skipped="0" hostname="qaint" name="clo.AccountSettings" tests="7" failures="0" timestamp="29 Jul 2019 22:12:44 GMT" time="53.346" errors="0">
  <testcase name="switchYear" time="28.067" classname="clo.AccountSettings"/>
  <testcase name="changePassword" time="4.720" classname="clo.AccountSettings"/>
  <testcase name="changePasswordCancel" time="4.280" classname="clo.AccountSettings"/>
  <testcase name="toggleTrainingMode" time="3.212" classname="clo.AccountSettings"/>
  <testcase name="toggleTrainingModeOff" time="3.281" classname="clo.AccountSettings"/>
  <testcase name="captureSignature" time="7.112" classname="clo.AccountSettings"/>
  <testcase name="loginSettings" time="2.674" classname="clo.AccountSettings"/>
</testsuite> <!-- clo.AccountSettings -->
