<?xml version="1.0" encoding="UTF-8"?>
<!-- Generated by org.testng.reporters.JUnitReportReporter -->
<testsuite skipped="1" hostname="coyote" name="clo.DeleteaPreparer" tests="1" failures="0" timestamp="08 Apr 2019 18:05:35 GMT" time="0.000" errors="0">
  <testcase name="newPrep" time="0.000" classname="clo.DeleteaPreparer">
    <skipped/>
  </testcase> <!-- newPrep -->
</testsuite> <!-- clo.DeleteaPreparer -->
