<?xml version="1.0" encoding="UTF-8"?>
<!-- Generated by org.testng.reporters.JUnitReportReporter -->
<testsuite skipped="0" hostname="coyote" name="clo.DatabaseSettings" tests="24" failures="0" timestamp="24 Jul 2019 20:54:43 GMT" time="79.139" errors="0">
  <testcase name="dbAddCity" time="18.194" classname="clo.DatabaseSettings"/>
  <testcase name="dbEditCity" time="1.964" classname="clo.DatabaseSettings"/>
  <testcase name="dbDeleteCity" time="4.531" classname="clo.DatabaseSettings"/>
  <testcase name="dbaddEmployer" time="4.421" classname="clo.DatabaseSettings"/>
  <testcase name="dbeditEmployer" time="3.390" classname="clo.DatabaseSettings"/>
  <testcase name="dbDeleteEmployer" time="2.702" classname="clo.DatabaseSettings"/>
  <testcase name="dbaddCareProvider" time="3.443" classname="clo.DatabaseSettings"/>
  <testcase name="dbeditCareProvider" time="2.435" classname="clo.DatabaseSettings"/>
  <testcase name="dbDeleteCareProvider" time="2.444" classname="clo.DatabaseSettings"/>
  <testcase name="dbaddReferrals" time="1.871" classname="clo.DatabaseSettings"/>
  <testcase name="dbeditReferrals" time="1.862" classname="clo.DatabaseSettings"/>
  <testcase name="dbDeleteReferrals" time="3.305" classname="clo.DatabaseSettings"/>
  <testcase name="dbaddDonee" time="2.782" classname="clo.DatabaseSettings"/>
  <testcase name="dbeditDonee" time="2.526" classname="clo.DatabaseSettings"/>
  <testcase name="dbDeleteDonee" time="2.298" classname="clo.DatabaseSettings"/>
  <testcase name="dbaddBankRTN" time="1.701" classname="clo.DatabaseSettings"/>
  <testcase name="dbeditBankRTN" time="1.634" classname="clo.DatabaseSettings"/>
  <testcase name="dbDeleteBankRTN" time="2.274" classname="clo.DatabaseSettings"/>
  <testcase name="dbaddOccupations" time="1.871" classname="clo.DatabaseSettings"/>
  <testcase name="dbeditOccupations" time="1.719" classname="clo.DatabaseSettings"/>
  <testcase name="dbDeleteOccupations" time="2.453" classname="clo.DatabaseSettings"/>
  <testcase name="dbaddEducationalInstitute" time="2.773" classname="clo.DatabaseSettings"/>
  <testcase name="dbeditEducationalInstitute" time="1.849" classname="clo.DatabaseSettings"/>
  <testcase name="dbDeleteEducationalInstitute" time="4.697" classname="clo.DatabaseSettings"/>
</testsuite> <!-- clo.DatabaseSettings -->
