<?xml version="1.0" encoding="UTF-8"?>
<!-- Generated by org.testng.reporters.JUnitReportReporter -->
<testsuite skipped="0" hostname="coyote" name="clo.DatabaseSettings" tests="24" failures="0" timestamp="28 Aug 2019 20:29:46 GMT" time="61.307" errors="0">
  <testcase name="dbAddCity" time="5.142" classname="clo.DatabaseSettings"/>
  <testcase name="dbEditCity" time="1.724" classname="clo.DatabaseSettings"/>
  <testcase name="dbDeleteCity" time="4.281" classname="clo.DatabaseSettings"/>
  <testcase name="dbaddEmployer" time="3.908" classname="clo.DatabaseSettings"/>
  <testcase name="dbeditEmployer" time="3.063" classname="clo.DatabaseSettings"/>
  <testcase name="dbDeleteEmployer" time="2.318" classname="clo.DatabaseSettings"/>
  <testcase name="dbaddCareProvider" time="2.986" classname="clo.DatabaseSettings"/>
  <testcase name="dbeditCareProvider" time="2.266" classname="clo.DatabaseSettings"/>
  <testcase name="dbDeleteCareProvider" time="2.240" classname="clo.DatabaseSettings"/>
  <testcase name="dbaddReferrals" time="1.795" classname="clo.DatabaseSettings"/>
  <testcase name="dbeditReferrals" time="1.822" classname="clo.DatabaseSettings"/>
  <testcase name="dbDeleteReferrals" time="2.398" classname="clo.DatabaseSettings"/>
  <testcase name="dbaddDonee" time="2.594" classname="clo.DatabaseSettings"/>
  <testcase name="dbeditDonee" time="2.449" classname="clo.DatabaseSettings"/>
  <testcase name="dbDeleteDonee" time="2.242" classname="clo.DatabaseSettings"/>
  <testcase name="dbaddBankRTN" time="1.657" classname="clo.DatabaseSettings"/>
  <testcase name="dbeditBankRTN" time="1.545" classname="clo.DatabaseSettings"/>
  <testcase name="dbDeleteBankRTN" time="2.241" classname="clo.DatabaseSettings"/>
  <testcase name="dbaddOccupations" time="1.763" classname="clo.DatabaseSettings"/>
  <testcase name="dbeditOccupations" time="1.597" classname="clo.DatabaseSettings"/>
  <testcase name="dbDeleteOccupations" time="2.252" classname="clo.DatabaseSettings"/>
  <testcase name="dbaddEducationalInstitute" time="2.658" classname="clo.DatabaseSettings"/>
  <testcase name="dbeditEducationalInstitute" time="1.781" classname="clo.DatabaseSettings"/>
  <testcase name="dbDeleteEducationalInstitute" time="4.585" classname="clo.DatabaseSettings"/>
</testsuite> <!-- clo.DatabaseSettings -->
