<?xml version="1.0" encoding="UTF-8"?>
<!-- Generated by org.testng.reporters.JUnitReportReporter -->
<testsuite skipped="0" hostname="coyote" name="clo.AccountSettings" tests="7" failures="0" timestamp="20 Aug 2019 15:58:25 GMT" time="36.154" errors="0">
  <testcase name="switchYear" time="12.973" classname="clo.AccountSettings"/>
  <testcase name="changePassword" time="3.906" classname="clo.AccountSettings"/>
  <testcase name="changePasswordCancel" time="3.849" classname="clo.AccountSettings"/>
  <testcase name="toggleTrainingMode" time="3.154" classname="clo.AccountSettings"/>
  <testcase name="toggleTrainingModeOff" time="3.172" classname="clo.AccountSettings"/>
  <testcase name="captureSignature" time="6.694" classname="clo.AccountSettings"/>
  <testcase name="loginSettings" time="2.406" classname="clo.AccountSettings"/>
</testsuite> <!-- clo.AccountSettings -->
