<?xml version="1.0" encoding="UTF-8"?>
<!-- Generated by org.testng.reporters.JUnitReportReporter -->
<testsuite skipped="0" hostname="qaint" name="clo.DatabaseSettings" tests="24" failures="0" timestamp="30 Jul 2019 16:55:26 GMT" time="101.589" errors="0">
  <testcase name="dbAddCity" time="21.474" classname="clo.DatabaseSettings"/>
  <testcase name="dbEditCity" time="2.446" classname="clo.DatabaseSettings"/>
  <testcase name="dbDeleteCity" time="2.882" classname="clo.DatabaseSettings"/>
  <testcase name="dbaddEmployer" time="7.805" classname="clo.DatabaseSettings"/>
  <testcase name="dbeditEmployer" time="5.777" classname="clo.DatabaseSettings"/>
  <testcase name="dbDeleteEmployer" time="3.562" classname="clo.DatabaseSettings"/>
  <testcase name="dbaddCareProvider" time="4.969" classname="clo.DatabaseSettings"/>
  <testcase name="dbeditCareProvider" time="3.527" classname="clo.DatabaseSettings"/>
  <testcase name="dbDeleteCareProvider" time="2.684" classname="clo.DatabaseSettings"/>
  <testcase name="dbaddReferrals" time="2.712" classname="clo.DatabaseSettings"/>
  <testcase name="dbeditReferrals" time="2.728" classname="clo.DatabaseSettings"/>
  <testcase name="dbDeleteReferrals" time="4.626" classname="clo.DatabaseSettings"/>
  <testcase name="dbaddDonee" time="4.162" classname="clo.DatabaseSettings"/>
  <testcase name="dbeditDonee" time="3.688" classname="clo.DatabaseSettings"/>
  <testcase name="dbDeleteDonee" time="2.455" classname="clo.DatabaseSettings"/>
  <testcase name="dbaddBankRTN" time="2.155" classname="clo.DatabaseSettings"/>
  <testcase name="dbeditBankRTN" time="2.042" classname="clo.DatabaseSettings"/>
  <testcase name="dbDeleteBankRTN" time="2.465" classname="clo.DatabaseSettings"/>
  <testcase name="dbaddOccupations" time="2.638" classname="clo.DatabaseSettings"/>
  <testcase name="dbeditOccupations" time="2.280" classname="clo.DatabaseSettings"/>
  <testcase name="dbDeleteOccupations" time="2.864" classname="clo.DatabaseSettings"/>
  <testcase name="dbaddEducationalInstitute" time="4.081" classname="clo.DatabaseSettings"/>
  <testcase name="dbeditEducationalInstitute" time="2.417" classname="clo.DatabaseSettings"/>
  <testcase name="dbDeleteEducationalInstitute" time="5.150" classname="clo.DatabaseSettings"/>
</testsuite> <!-- clo.DatabaseSettings -->
