<?xml version="1.0" encoding="UTF-8"?>
<!-- Generated by org.testng.reporters.JUnitReportReporter -->
<<<<<<< HEAD
<testsuite skipped="0" hostname="qaint" name="clo.LoginPage" tests="8" failures="0" timestamp="15 May 2019 20:24:06 GMT" time="81.189" errors="7">
  <testcase name="loginPositive" time="16.821" classname="clo.LoginPage"/>
  <testcase name="createNewAppointment" time="19.693" classname="clo.LoginPage">
    <error type="java.lang.NullPointerException">
      <![CDATA[java.lang.NullPointerException
at clo.LoginPage.createNewAppointment(LoginPage.java:205)
at sun.reflect.NativeMethodAccessorImpl.invoke0(Native Method)
at sun.reflect.NativeMethodAccessorImpl.invoke(NativeMethodAccessorImpl.java:62)
at sun.reflect.DelegatingMethodAccessorImpl.invoke(DelegatingMethodAccessorImpl.java:43)
at java.lang.reflect.Method.invoke(Method.java:498)
at org.testng.internal.MethodInvocationHelper.invokeMethod(MethodInvocationHelper.java:124)
at org.testng.internal.Invoker.invokeMethod(Invoker.java:580)
at org.testng.internal.Invoker.invokeTestMethod(Invoker.java:716)
at org.testng.internal.Invoker.invokeTestMethods(Invoker.java:988)
at org.testng.internal.TestMethodWorker.invokeTestMethods(TestMethodWorker.java:125)
at org.testng.internal.TestMethodWorker.run(TestMethodWorker.java:109)
at org.testng.TestRunner.privateRun(TestRunner.java:648)
at org.testng.TestRunner.run(TestRunner.java:505)
at org.testng.SuiteRunner.runTest(SuiteRunner.java:455)
at org.testng.SuiteRunner.runSequentially(SuiteRunner.java:450)
at org.testng.SuiteRunner.privateRun(SuiteRunner.java:415)
at org.testng.SuiteRunner.run(SuiteRunner.java:364)
at org.testng.SuiteRunnerWorker.runSuite(SuiteRunnerWorker.java:52)
at org.testng.SuiteRunnerWorker.run(SuiteRunnerWorker.java:84)
at org.testng.TestNG.runSuitesSequentially(TestNG.java:1208)
at org.testng.TestNG.runSuitesLocally(TestNG.java:1137)
at org.testng.TestNG.runSuites(TestNG.java:1049)
at org.testng.TestNG.run(TestNG.java:1017)
at org.testng.remote.AbstractRemoteTestNG.run(AbstractRemoteTestNG.java:114)
at org.testng.remote.RemoteTestNG.initAndRun(RemoteTestNG.java:251)
at org.testng.remote.RemoteTestNG.main(RemoteTestNG.java:77)
]]>
    </error>
  </testcase> <!-- createNewAppointment -->
  <testcase name="createApptSameTime" time="8.114" classname="clo.LoginPage">
    <error type="org.openqa.selenium.WebDriverException" message="chrome not reachable
  (Session info: chrome=74.0.3729.131)
  (Driver info: chromedriver=2.39.562718 (9a2698cba08cf5a471a29d30c8b3e12becabb0e9),platform=Windows NT 6.2.9200 x86_64) (WARNING: The server did not provide any stacktrace information)
Command duration or timeout: 6.10 seconds
Build info: version: &#039;2.53.0&#039;, revision: &#039;35ae25b1534ae328c771e0856c93e187490ca824&#039;, time: &#039;2016-03-15 10:43:46&#039;
System info: host: &#039;qaint&#039;, ip: &#039;89.0.1.156&#039;, os.name: &#039;Windows Server 2012&#039;, os.arch: &#039;amd64&#039;, os.version: &#039;6.2&#039;, java.version: &#039;1.8.0_171&#039;
Driver info: org.openqa.selenium.chrome.ChromeDriver
Capabilities [{applicationCacheEnabled=false, rotatable=false, mobileEmulationEnabled=false, networkConnectionEnabled=false, chrome={chromedriverVersion=2.39.562718 (9a2698cba08cf5a471a29d30c8b3e12becabb0e9), userDataDir=C:\Users\SSREEN~1\AppData\Local\Temp\5\scoped_dir7796_30153}, takesHeapSnapshot=true, pageLoadStrategy=normal, databaseEnabled=false, handlesAlerts=true, hasTouchScreen=false, version=74.0.3729.131, platform=WIN8, browserConnectionEnabled=false, nativeEvents=true, acceptSslCerts=false, acceptInsecureCerts=false, locationContextEnabled=true, webStorageEnabled=true, browserName=chrome, takesScreenshot=true, javascriptEnabled=true, cssSelectorsEnabled=true, setWindowRect=true, unexpectedAlertBehaviour=}]
Session ID: 66a9f836846869e89519e6a8e1c97682
*** Element info: {Using=id, value=btnSideBar1}">
      <![CDATA[org.openqa.selenium.WebDriverException: chrome not reachable
  (Session info: chrome=74.0.3729.131)
  (Driver info: chromedriver=2.39.562718 (9a2698cba08cf5a471a29d30c8b3e12becabb0e9),platform=Windows NT 6.2.9200 x86_64) (WARNING: The server did not provide any stacktrace information)
Command duration or timeout: 6.10 seconds
Build info: version: '2.53.0', revision: '35ae25b1534ae328c771e0856c93e187490ca824', time: '2016-03-15 10:43:46'
System info: host: 'qaint', ip: '89.0.1.156', os.name: 'Windows Server 2012', os.arch: 'amd64', os.version: '6.2', java.version: '1.8.0_171'
Driver info: org.openqa.selenium.chrome.ChromeDriver
Capabilities [{applicationCacheEnabled=false, rotatable=false, mobileEmulationEnabled=false, networkConnectionEnabled=false, chrome={chromedriverVersion=2.39.562718 (9a2698cba08cf5a471a29d30c8b3e12becabb0e9), userDataDir=C:\Users\SSREEN~1\AppData\Local\Temp\5\scoped_dir7796_30153}, takesHeapSnapshot=true, pageLoadStrategy=normal, databaseEnabled=false, handlesAlerts=true, hasTouchScreen=false, version=74.0.3729.131, platform=WIN8, browserConnectionEnabled=false, nativeEvents=true, acceptSslCerts=false, acceptInsecureCerts=false, locationContextEnabled=true, webStorageEnabled=true, browserName=chrome, takesScreenshot=true, javascriptEnabled=true, cssSelectorsEnabled=true, setWindowRect=true, unexpectedAlertBehaviour=}]
Session ID: 66a9f836846869e89519e6a8e1c97682
*** Element info: {Using=id, value=btnSideBar1}
at sun.reflect.NativeConstructorAccessorImpl.newInstance0(Native Method)
at sun.reflect.NativeConstructorAccessorImpl.newInstance(NativeConstructorAccessorImpl.java:62)
at sun.reflect.DelegatingConstructorAccessorImpl.newInstance(DelegatingConstructorAccessorImpl.java:45)
at java.lang.reflect.Constructor.newInstance(Constructor.java:423)
at org.openqa.selenium.remote.ErrorHandler.createThrowable(ErrorHandler.java:206)
at org.openqa.selenium.remote.ErrorHandler.throwIfResponseFailed(ErrorHandler.java:158)
at org.openqa.selenium.remote.RemoteWebDriver.execute(RemoteWebDriver.java:678)
at org.openqa.selenium.remote.RemoteWebDriver.findElement(RemoteWebDriver.java:363)
at org.openqa.selenium.remote.RemoteWebDriver.findElementById(RemoteWebDriver.java:413)
at org.openqa.selenium.By$ById.findElement(By.java:218)
at org.openqa.selenium.remote.RemoteWebDriver.findElement(RemoteWebDriver.java:355)
at pageObjects.OverviewpgPO.clickappointmenticonbtn(OverviewpgPO.java:153)
at clo.LoginPage.createApptSameTime(LoginPage.java:222)
at sun.reflect.NativeMethodAccessorImpl.invoke0(Native Method)
at sun.reflect.NativeMethodAccessorImpl.invoke(NativeMethodAccessorImpl.java:62)
at sun.reflect.DelegatingMethodAccessorImpl.invoke(DelegatingMethodAccessorImpl.java:43)
at java.lang.reflect.Method.invoke(Method.java:498)
at org.testng.internal.MethodInvocationHelper.invokeMethod(MethodInvocationHelper.java:124)
at org.testng.internal.Invoker.invokeMethod(Invoker.java:580)
at org.testng.internal.Invoker.invokeTestMethod(Invoker.java:716)
at org.testng.internal.Invoker.invokeTestMethods(Invoker.java:988)
at org.testng.internal.TestMethodWorker.invokeTestMethods(TestMethodWorker.java:125)
at org.testng.internal.TestMethodWorker.run(TestMethodWorker.java:109)
at org.testng.TestRunner.privateRun(TestRunner.java:648)
at org.testng.TestRunner.run(TestRunner.java:505)
at org.testng.SuiteRunner.runTest(SuiteRunner.java:455)
at org.testng.SuiteRunner.runSequentially(SuiteRunner.java:450)
at org.testng.SuiteRunner.privateRun(SuiteRunner.java:415)
at org.testng.SuiteRunner.run(SuiteRunner.java:364)
at org.testng.SuiteRunnerWorker.runSuite(SuiteRunnerWorker.java:52)
at org.testng.SuiteRunnerWorker.run(SuiteRunnerWorker.java:84)
at org.testng.TestNG.runSuitesSequentially(TestNG.java:1208)
at org.testng.TestNG.runSuitesLocally(TestNG.java:1137)
at org.testng.TestNG.runSuites(TestNG.java:1049)
at org.testng.TestNG.run(TestNG.java:1017)
at org.testng.remote.AbstractRemoteTestNG.run(AbstractRemoteTestNG.java:114)
at org.testng.remote.RemoteTestNG.initAndRun(RemoteTestNG.java:251)
at org.testng.remote.RemoteTestNG.main(RemoteTestNG.java:77)
]]>
    </error>
  </testcase> <!-- createApptSameTime -->
  <testcase name="updateAppointment" time="7.100" classname="clo.LoginPage">
    <error type="org.openqa.selenium.WebDriverException" message="chrome not reachable
  (Session info: chrome=74.0.3729.131)
  (Driver info: chromedriver=2.39.562718 (9a2698cba08cf5a471a29d30c8b3e12becabb0e9),platform=Windows NT 6.2.9200 x86_64) (WARNING: The server did not provide any stacktrace information)
Command duration or timeout: 6.09 seconds
Build info: version: &#039;2.53.0&#039;, revision: &#039;35ae25b1534ae328c771e0856c93e187490ca824&#039;, time: &#039;2016-03-15 10:43:46&#039;
System info: host: &#039;qaint&#039;, ip: &#039;89.0.1.156&#039;, os.name: &#039;Windows Server 2012&#039;, os.arch: &#039;amd64&#039;, os.version: &#039;6.2&#039;, java.version: &#039;1.8.0_171&#039;
Driver info: org.openqa.selenium.chrome.ChromeDriver
Capabilities [{applicationCacheEnabled=false, rotatable=false, mobileEmulationEnabled=false, networkConnectionEnabled=false, chrome={chromedriverVersion=2.39.562718 (9a2698cba08cf5a471a29d30c8b3e12becabb0e9), userDataDir=C:\Users\SSREEN~1\AppData\Local\Temp\5\scoped_dir7796_30153}, takesHeapSnapshot=true, pageLoadStrategy=normal, databaseEnabled=false, handlesAlerts=true, hasTouchScreen=false, version=74.0.3729.131, platform=WIN8, browserConnectionEnabled=false, nativeEvents=true, acceptSslCerts=false, acceptInsecureCerts=false, locationContextEnabled=true, webStorageEnabled=true, browserName=chrome, takesScreenshot=true, javascriptEnabled=true, cssSelectorsEnabled=true, setWindowRect=true, unexpectedAlertBehaviour=}]
Session ID: 66a9f836846869e89519e6a8e1c97682
*** Element info: {Using=xpath, value=//button[2]/span[text() = &#039;Update&#039;]}">
      <![CDATA[org.openqa.selenium.WebDriverException: chrome not reachable
  (Session info: chrome=74.0.3729.131)
  (Driver info: chromedriver=2.39.562718 (9a2698cba08cf5a471a29d30c8b3e12becabb0e9),platform=Windows NT 6.2.9200 x86_64) (WARNING: The server did not provide any stacktrace information)
Command duration or timeout: 6.09 seconds
Build info: version: '2.53.0', revision: '35ae25b1534ae328c771e0856c93e187490ca824', time: '2016-03-15 10:43:46'
System info: host: 'qaint', ip: '89.0.1.156', os.name: 'Windows Server 2012', os.arch: 'amd64', os.version: '6.2', java.version: '1.8.0_171'
Driver info: org.openqa.selenium.chrome.ChromeDriver
Capabilities [{applicationCacheEnabled=false, rotatable=false, mobileEmulationEnabled=false, networkConnectionEnabled=false, chrome={chromedriverVersion=2.39.562718 (9a2698cba08cf5a471a29d30c8b3e12becabb0e9), userDataDir=C:\Users\SSREEN~1\AppData\Local\Temp\5\scoped_dir7796_30153}, takesHeapSnapshot=true, pageLoadStrategy=normal, databaseEnabled=false, handlesAlerts=true, hasTouchScreen=false, version=74.0.3729.131, platform=WIN8, browserConnectionEnabled=false, nativeEvents=true, acceptSslCerts=false, acceptInsecureCerts=false, locationContextEnabled=true, webStorageEnabled=true, browserName=chrome, takesScreenshot=true, javascriptEnabled=true, cssSelectorsEnabled=true, setWindowRect=true, unexpectedAlertBehaviour=}]
Session ID: 66a9f836846869e89519e6a8e1c97682
*** Element info: {Using=xpath, value=//button[2]/span[text() = 'Update']}
at sun.reflect.NativeConstructorAccessorImpl.newInstance0(Native Method)
at sun.reflect.NativeConstructorAccessorImpl.newInstance(NativeConstructorAccessorImpl.java:62)
at sun.reflect.DelegatingConstructorAccessorImpl.newInstance(DelegatingConstructorAccessorImpl.java:45)
at java.lang.reflect.Constructor.newInstance(Constructor.java:423)
at org.openqa.selenium.remote.ErrorHandler.createThrowable(ErrorHandler.java:206)
at org.openqa.selenium.remote.ErrorHandler.throwIfResponseFailed(ErrorHandler.java:158)
at org.openqa.selenium.remote.RemoteWebDriver.execute(RemoteWebDriver.java:678)
at org.openqa.selenium.remote.RemoteWebDriver.findElement(RemoteWebDriver.java:363)
at org.openqa.selenium.remote.RemoteWebDriver.findElementByXPath(RemoteWebDriver.java:500)
at org.openqa.selenium.By$ByXPath.findElement(By.java:361)
at org.openqa.selenium.remote.RemoteWebDriver.findElement(RemoteWebDriver.java:355)
at pageObjects.OverviewpgPO.clickapptupdatebtn(OverviewpgPO.java:211)
at clo.LoginPage.updateAppointment(LoginPage.java:246)
at sun.reflect.NativeMethodAccessorImpl.invoke0(Native Method)
at sun.reflect.NativeMethodAccessorImpl.invoke(NativeMethodAccessorImpl.java:62)
at sun.reflect.DelegatingMethodAccessorImpl.invoke(DelegatingMethodAccessorImpl.java:43)
at java.lang.reflect.Method.invoke(Method.java:498)
at org.testng.internal.MethodInvocationHelper.invokeMethod(MethodInvocationHelper.java:124)
at org.testng.internal.Invoker.invokeMethod(Invoker.java:580)
at org.testng.internal.Invoker.invokeTestMethod(Invoker.java:716)
at org.testng.internal.Invoker.invokeTestMethods(Invoker.java:988)
at org.testng.internal.TestMethodWorker.invokeTestMethods(TestMethodWorker.java:125)
at org.testng.internal.TestMethodWorker.run(TestMethodWorker.java:109)
at org.testng.TestRunner.privateRun(TestRunner.java:648)
at org.testng.TestRunner.run(TestRunner.java:505)
at org.testng.SuiteRunner.runTest(SuiteRunner.java:455)
at org.testng.SuiteRunner.runSequentially(SuiteRunner.java:450)
at org.testng.SuiteRunner.privateRun(SuiteRunner.java:415)
at org.testng.SuiteRunner.run(SuiteRunner.java:364)
at org.testng.SuiteRunnerWorker.runSuite(SuiteRunnerWorker.java:52)
at org.testng.SuiteRunnerWorker.run(SuiteRunnerWorker.java:84)
at org.testng.TestNG.runSuitesSequentially(TestNG.java:1208)
at org.testng.TestNG.runSuitesLocally(TestNG.java:1137)
at org.testng.TestNG.runSuites(TestNG.java:1049)
at org.testng.TestNG.run(TestNG.java:1017)
at org.testng.remote.AbstractRemoteTestNG.run(AbstractRemoteTestNG.java:114)
at org.testng.remote.RemoteTestNG.initAndRun(RemoteTestNG.java:251)
at org.testng.remote.RemoteTestNG.main(RemoteTestNG.java:77)
]]>
    </error>
  </testcase> <!-- updateAppointment -->
  <testcase name="deleteAppointment" time="6.070" classname="clo.LoginPage">
    <error type="org.openqa.selenium.WebDriverException" message="chrome not reachable
  (Session info: chrome=74.0.3729.131)
  (Driver info: chromedriver=2.39.562718 (9a2698cba08cf5a471a29d30c8b3e12becabb0e9),platform=Windows NT 6.2.9200 x86_64) (WARNING: The server did not provide any stacktrace information)
Command duration or timeout: 6.07 seconds
Build info: version: &#039;2.53.0&#039;, revision: &#039;35ae25b1534ae328c771e0856c93e187490ca824&#039;, time: &#039;2016-03-15 10:43:46&#039;
System info: host: &#039;qaint&#039;, ip: &#039;89.0.1.156&#039;, os.name: &#039;Windows Server 2012&#039;, os.arch: &#039;amd64&#039;, os.version: &#039;6.2&#039;, java.version: &#039;1.8.0_171&#039;
Driver info: org.openqa.selenium.chrome.ChromeDriver
Capabilities [{applicationCacheEnabled=false, rotatable=false, mobileEmulationEnabled=false, networkConnectionEnabled=false, chrome={chromedriverVersion=2.39.562718 (9a2698cba08cf5a471a29d30c8b3e12becabb0e9), userDataDir=C:\Users\SSREEN~1\AppData\Local\Temp\5\scoped_dir7796_30153}, takesHeapSnapshot=true, pageLoadStrategy=normal, databaseEnabled=false, handlesAlerts=true, hasTouchScreen=false, version=74.0.3729.131, platform=WIN8, browserConnectionEnabled=false, nativeEvents=true, acceptSslCerts=false, acceptInsecureCerts=false, locationContextEnabled=true, webStorageEnabled=true, browserName=chrome, takesScreenshot=true, javascriptEnabled=true, cssSelectorsEnabled=true, setWindowRect=true, unexpectedAlertBehaviour=}]
Session ID: 66a9f836846869e89519e6a8e1c97682
*** Element info: {Using=xpath, value=//button[1]/span[text() = &#039;Delete&#039;]}">
      <![CDATA[org.openqa.selenium.WebDriverException: chrome not reachable
  (Session info: chrome=74.0.3729.131)
  (Driver info: chromedriver=2.39.562718 (9a2698cba08cf5a471a29d30c8b3e12becabb0e9),platform=Windows NT 6.2.9200 x86_64) (WARNING: The server did not provide any stacktrace information)
Command duration or timeout: 6.07 seconds
Build info: version: '2.53.0', revision: '35ae25b1534ae328c771e0856c93e187490ca824', time: '2016-03-15 10:43:46'
System info: host: 'qaint', ip: '89.0.1.156', os.name: 'Windows Server 2012', os.arch: 'amd64', os.version: '6.2', java.version: '1.8.0_171'
Driver info: org.openqa.selenium.chrome.ChromeDriver
Capabilities [{applicationCacheEnabled=false, rotatable=false, mobileEmulationEnabled=false, networkConnectionEnabled=false, chrome={chromedriverVersion=2.39.562718 (9a2698cba08cf5a471a29d30c8b3e12becabb0e9), userDataDir=C:\Users\SSREEN~1\AppData\Local\Temp\5\scoped_dir7796_30153}, takesHeapSnapshot=true, pageLoadStrategy=normal, databaseEnabled=false, handlesAlerts=true, hasTouchScreen=false, version=74.0.3729.131, platform=WIN8, browserConnectionEnabled=false, nativeEvents=true, acceptSslCerts=false, acceptInsecureCerts=false, locationContextEnabled=true, webStorageEnabled=true, browserName=chrome, takesScreenshot=true, javascriptEnabled=true, cssSelectorsEnabled=true, setWindowRect=true, unexpectedAlertBehaviour=}]
Session ID: 66a9f836846869e89519e6a8e1c97682
*** Element info: {Using=xpath, value=//button[1]/span[text() = 'Delete']}
at sun.reflect.NativeConstructorAccessorImpl.newInstance0(Native Method)
at sun.reflect.NativeConstructorAccessorImpl.newInstance(NativeConstructorAccessorImpl.java:62)
at sun.reflect.DelegatingConstructorAccessorImpl.newInstance(DelegatingConstructorAccessorImpl.java:45)
at java.lang.reflect.Constructor.newInstance(Constructor.java:423)
at org.openqa.selenium.remote.ErrorHandler.createThrowable(ErrorHandler.java:206)
at org.openqa.selenium.remote.ErrorHandler.throwIfResponseFailed(ErrorHandler.java:158)
at org.openqa.selenium.remote.RemoteWebDriver.execute(RemoteWebDriver.java:678)
at org.openqa.selenium.remote.RemoteWebDriver.findElement(RemoteWebDriver.java:363)
at org.openqa.selenium.remote.RemoteWebDriver.findElementByXPath(RemoteWebDriver.java:500)
at org.openqa.selenium.By$ByXPath.findElement(By.java:361)
at org.openqa.selenium.remote.RemoteWebDriver.findElement(RemoteWebDriver.java:355)
at pageObjects.OverviewpgPO.clickapptdeletebtn(OverviewpgPO.java:241)
at clo.LoginPage.deleteAppointment(LoginPage.java:271)
at sun.reflect.NativeMethodAccessorImpl.invoke0(Native Method)
at sun.reflect.NativeMethodAccessorImpl.invoke(NativeMethodAccessorImpl.java:62)
at sun.reflect.DelegatingMethodAccessorImpl.invoke(DelegatingMethodAccessorImpl.java:43)
at java.lang.reflect.Method.invoke(Method.java:498)
at org.testng.internal.MethodInvocationHelper.invokeMethod(MethodInvocationHelper.java:124)
at org.testng.internal.Invoker.invokeMethod(Invoker.java:580)
at org.testng.internal.Invoker.invokeTestMethod(Invoker.java:716)
at org.testng.internal.Invoker.invokeTestMethods(Invoker.java:988)
at org.testng.internal.TestMethodWorker.invokeTestMethods(TestMethodWorker.java:125)
at org.testng.internal.TestMethodWorker.run(TestMethodWorker.java:109)
at org.testng.TestRunner.privateRun(TestRunner.java:648)
at org.testng.TestRunner.run(TestRunner.java:505)
at org.testng.SuiteRunner.runTest(SuiteRunner.java:455)
at org.testng.SuiteRunner.runSequentially(SuiteRunner.java:450)
at org.testng.SuiteRunner.privateRun(SuiteRunner.java:415)
at org.testng.SuiteRunner.run(SuiteRunner.java:364)
at org.testng.SuiteRunnerWorker.runSuite(SuiteRunnerWorker.java:52)
at org.testng.SuiteRunnerWorker.run(SuiteRunnerWorker.java:84)
at org.testng.TestNG.runSuitesSequentially(TestNG.java:1208)
at org.testng.TestNG.runSuitesLocally(TestNG.java:1137)
at org.testng.TestNG.runSuites(TestNG.java:1049)
at org.testng.TestNG.run(TestNG.java:1017)
at org.testng.remote.AbstractRemoteTestNG.run(AbstractRemoteTestNG.java:114)
at org.testng.remote.RemoteTestNG.initAndRun(RemoteTestNG.java:251)
at org.testng.remote.RemoteTestNG.main(RemoteTestNG.java:77)
]]>
    </error>
  </testcase> <!-- deleteAppointment -->
  <testcase name="newMessageSent" time="7.163" classname="clo.LoginPage">
    <error type="org.openqa.selenium.WebDriverException" message="chrome not reachable
  (Session info: chrome=74.0.3729.131)
  (Driver info: chromedriver=2.39.562718 (9a2698cba08cf5a471a29d30c8b3e12becabb0e9),platform=Windows NT 6.2.9200 x86_64) (WARNING: The server did not provide any stacktrace information)
Command duration or timeout: 6.15 seconds
Build info: version: &#039;2.53.0&#039;, revision: &#039;35ae25b1534ae328c771e0856c93e187490ca824&#039;, time: &#039;2016-03-15 10:43:46&#039;
System info: host: &#039;qaint&#039;, ip: &#039;89.0.1.156&#039;, os.name: &#039;Windows Server 2012&#039;, os.arch: &#039;amd64&#039;, os.version: &#039;6.2&#039;, java.version: &#039;1.8.0_171&#039;
Driver info: org.openqa.selenium.chrome.ChromeDriver
Capabilities [{applicationCacheEnabled=false, rotatable=false, mobileEmulationEnabled=false, networkConnectionEnabled=false, chrome={chromedriverVersion=2.39.562718 (9a2698cba08cf5a471a29d30c8b3e12becabb0e9), userDataDir=C:\Users\SSREEN~1\AppData\Local\Temp\5\scoped_dir7796_30153}, takesHeapSnapshot=true, pageLoadStrategy=normal, databaseEnabled=false, handlesAlerts=true, hasTouchScreen=false, version=74.0.3729.131, platform=WIN8, browserConnectionEnabled=false, nativeEvents=true, acceptSslCerts=false, acceptInsecureCerts=false, locationContextEnabled=true, webStorageEnabled=true, browserName=chrome, takesScreenshot=true, javascriptEnabled=true, cssSelectorsEnabled=true, setWindowRect=true, unexpectedAlertBehaviour=}]
Session ID: 66a9f836846869e89519e6a8e1c97682
*** Element info: {Using=id, value=btnSideBar2}">
      <![CDATA[org.openqa.selenium.WebDriverException: chrome not reachable
  (Session info: chrome=74.0.3729.131)
  (Driver info: chromedriver=2.39.562718 (9a2698cba08cf5a471a29d30c8b3e12becabb0e9),platform=Windows NT 6.2.9200 x86_64) (WARNING: The server did not provide any stacktrace information)
Command duration or timeout: 6.15 seconds
Build info: version: '2.53.0', revision: '35ae25b1534ae328c771e0856c93e187490ca824', time: '2016-03-15 10:43:46'
System info: host: 'qaint', ip: '89.0.1.156', os.name: 'Windows Server 2012', os.arch: 'amd64', os.version: '6.2', java.version: '1.8.0_171'
Driver info: org.openqa.selenium.chrome.ChromeDriver
Capabilities [{applicationCacheEnabled=false, rotatable=false, mobileEmulationEnabled=false, networkConnectionEnabled=false, chrome={chromedriverVersion=2.39.562718 (9a2698cba08cf5a471a29d30c8b3e12becabb0e9), userDataDir=C:\Users\SSREEN~1\AppData\Local\Temp\5\scoped_dir7796_30153}, takesHeapSnapshot=true, pageLoadStrategy=normal, databaseEnabled=false, handlesAlerts=true, hasTouchScreen=false, version=74.0.3729.131, platform=WIN8, browserConnectionEnabled=false, nativeEvents=true, acceptSslCerts=false, acceptInsecureCerts=false, locationContextEnabled=true, webStorageEnabled=true, browserName=chrome, takesScreenshot=true, javascriptEnabled=true, cssSelectorsEnabled=true, setWindowRect=true, unexpectedAlertBehaviour=}]
Session ID: 66a9f836846869e89519e6a8e1c97682
*** Element info: {Using=id, value=btnSideBar2}
at sun.reflect.NativeConstructorAccessorImpl.newInstance0(Native Method)
at sun.reflect.NativeConstructorAccessorImpl.newInstance(NativeConstructorAccessorImpl.java:62)
at sun.reflect.DelegatingConstructorAccessorImpl.newInstance(DelegatingConstructorAccessorImpl.java:45)
at java.lang.reflect.Constructor.newInstance(Constructor.java:423)
at org.openqa.selenium.remote.ErrorHandler.createThrowable(ErrorHandler.java:206)
at org.openqa.selenium.remote.ErrorHandler.throwIfResponseFailed(ErrorHandler.java:158)
at org.openqa.selenium.remote.RemoteWebDriver.execute(RemoteWebDriver.java:678)
at org.openqa.selenium.remote.RemoteWebDriver.findElement(RemoteWebDriver.java:363)
at org.openqa.selenium.remote.RemoteWebDriver.findElementById(RemoteWebDriver.java:413)
at org.openqa.selenium.By$ById.findElement(By.java:218)
at org.openqa.selenium.remote.RemoteWebDriver.findElement(RemoteWebDriver.java:355)
at pageObjects.OverviewpgPO.clicknotificonbtn(OverviewpgPO.java:269)
at clo.LoginPage.newMessageSent(LoginPage.java:286)
at sun.reflect.NativeMethodAccessorImpl.invoke0(Native Method)
at sun.reflect.NativeMethodAccessorImpl.invoke(NativeMethodAccessorImpl.java:62)
at sun.reflect.DelegatingMethodAccessorImpl.invoke(DelegatingMethodAccessorImpl.java:43)
at java.lang.reflect.Method.invoke(Method.java:498)
at org.testng.internal.MethodInvocationHelper.invokeMethod(MethodInvocationHelper.java:124)
at org.testng.internal.Invoker.invokeMethod(Invoker.java:580)
at org.testng.internal.Invoker.invokeTestMethod(Invoker.java:716)
at org.testng.internal.Invoker.invokeTestMethods(Invoker.java:988)
at org.testng.internal.TestMethodWorker.invokeTestMethods(TestMethodWorker.java:125)
at org.testng.internal.TestMethodWorker.run(TestMethodWorker.java:109)
at org.testng.TestRunner.privateRun(TestRunner.java:648)
at org.testng.TestRunner.run(TestRunner.java:505)
at org.testng.SuiteRunner.runTest(SuiteRunner.java:455)
at org.testng.SuiteRunner.runSequentially(SuiteRunner.java:450)
at org.testng.SuiteRunner.privateRun(SuiteRunner.java:415)
at org.testng.SuiteRunner.run(SuiteRunner.java:364)
at org.testng.SuiteRunnerWorker.runSuite(SuiteRunnerWorker.java:52)
at org.testng.SuiteRunnerWorker.run(SuiteRunnerWorker.java:84)
at org.testng.TestNG.runSuitesSequentially(TestNG.java:1208)
at org.testng.TestNG.runSuitesLocally(TestNG.java:1137)
at org.testng.TestNG.runSuites(TestNG.java:1049)
at org.testng.TestNG.run(TestNG.java:1017)
at org.testng.remote.AbstractRemoteTestNG.run(AbstractRemoteTestNG.java:114)
at org.testng.remote.RemoteTestNG.initAndRun(RemoteTestNG.java:251)
at org.testng.remote.RemoteTestNG.main(RemoteTestNG.java:77)
]]>
    </error>
  </testcase> <!-- newMessageSent -->
  <testcase name="newMessageReply" time="8.129" classname="clo.LoginPage">
    <error type="org.openqa.selenium.WebDriverException" message="chrome not reachable
  (Session info: chrome=74.0.3729.131)
  (Driver info: chromedriver=2.39.562718 (9a2698cba08cf5a471a29d30c8b3e12becabb0e9),platform=Windows NT 6.2.9200 x86_64) (WARNING: The server did not provide any stacktrace information)
Command duration or timeout: 6.12 seconds
Build info: version: &#039;2.53.0&#039;, revision: &#039;35ae25b1534ae328c771e0856c93e187490ca824&#039;, time: &#039;2016-03-15 10:43:46&#039;
System info: host: &#039;qaint&#039;, ip: &#039;89.0.1.156&#039;, os.name: &#039;Windows Server 2012&#039;, os.arch: &#039;amd64&#039;, os.version: &#039;6.2&#039;, java.version: &#039;1.8.0_171&#039;
Driver info: org.openqa.selenium.chrome.ChromeDriver
Capabilities [{applicationCacheEnabled=false, rotatable=false, mobileEmulationEnabled=false, networkConnectionEnabled=false, chrome={chromedriverVersion=2.39.562718 (9a2698cba08cf5a471a29d30c8b3e12becabb0e9), userDataDir=C:\Users\SSREEN~1\AppData\Local\Temp\5\scoped_dir7796_30153}, takesHeapSnapshot=true, pageLoadStrategy=normal, databaseEnabled=false, handlesAlerts=true, hasTouchScreen=false, version=74.0.3729.131, platform=WIN8, browserConnectionEnabled=false, nativeEvents=true, acceptSslCerts=false, acceptInsecureCerts=false, locationContextEnabled=true, webStorageEnabled=true, browserName=chrome, takesScreenshot=true, javascriptEnabled=true, cssSelectorsEnabled=true, setWindowRect=true, unexpectedAlertBehaviour=}]
Session ID: 66a9f836846869e89519e6a8e1c97682
*** Element info: {Using=xpath, value=//span[text()= &#039;Received&#039;]}">
      <![CDATA[org.openqa.selenium.WebDriverException: chrome not reachable
  (Session info: chrome=74.0.3729.131)
  (Driver info: chromedriver=2.39.562718 (9a2698cba08cf5a471a29d30c8b3e12becabb0e9),platform=Windows NT 6.2.9200 x86_64) (WARNING: The server did not provide any stacktrace information)
Command duration or timeout: 6.12 seconds
Build info: version: '2.53.0', revision: '35ae25b1534ae328c771e0856c93e187490ca824', time: '2016-03-15 10:43:46'
System info: host: 'qaint', ip: '89.0.1.156', os.name: 'Windows Server 2012', os.arch: 'amd64', os.version: '6.2', java.version: '1.8.0_171'
Driver info: org.openqa.selenium.chrome.ChromeDriver
Capabilities [{applicationCacheEnabled=false, rotatable=false, mobileEmulationEnabled=false, networkConnectionEnabled=false, chrome={chromedriverVersion=2.39.562718 (9a2698cba08cf5a471a29d30c8b3e12becabb0e9), userDataDir=C:\Users\SSREEN~1\AppData\Local\Temp\5\scoped_dir7796_30153}, takesHeapSnapshot=true, pageLoadStrategy=normal, databaseEnabled=false, handlesAlerts=true, hasTouchScreen=false, version=74.0.3729.131, platform=WIN8, browserConnectionEnabled=false, nativeEvents=true, acceptSslCerts=false, acceptInsecureCerts=false, locationContextEnabled=true, webStorageEnabled=true, browserName=chrome, takesScreenshot=true, javascriptEnabled=true, cssSelectorsEnabled=true, setWindowRect=true, unexpectedAlertBehaviour=}]
Session ID: 66a9f836846869e89519e6a8e1c97682
*** Element info: {Using=xpath, value=//span[text()= 'Received']}
at sun.reflect.NativeConstructorAccessorImpl.newInstance0(Native Method)
at sun.reflect.NativeConstructorAccessorImpl.newInstance(NativeConstructorAccessorImpl.java:62)
at sun.reflect.DelegatingConstructorAccessorImpl.newInstance(DelegatingConstructorAccessorImpl.java:45)
at java.lang.reflect.Constructor.newInstance(Constructor.java:423)
at org.openqa.selenium.remote.ErrorHandler.createThrowable(ErrorHandler.java:206)
at org.openqa.selenium.remote.ErrorHandler.throwIfResponseFailed(ErrorHandler.java:158)
at org.openqa.selenium.remote.RemoteWebDriver.execute(RemoteWebDriver.java:678)
at org.openqa.selenium.remote.RemoteWebDriver.findElement(RemoteWebDriver.java:363)
at org.openqa.selenium.remote.RemoteWebDriver.findElementByXPath(RemoteWebDriver.java:500)
at org.openqa.selenium.By$ByXPath.findElement(By.java:361)
at org.openqa.selenium.remote.RemoteWebDriver.findElement(RemoteWebDriver.java:355)
at pageObjects.OverviewpgPO.clicknotifreceivedbtn(OverviewpgPO.java:316)
at clo.LoginPage.newMessageReply(LoginPage.java:308)
at sun.reflect.NativeMethodAccessorImpl.invoke0(Native Method)
at sun.reflect.NativeMethodAccessorImpl.invoke(NativeMethodAccessorImpl.java:62)
at sun.reflect.DelegatingMethodAccessorImpl.invoke(DelegatingMethodAccessorImpl.java:43)
at java.lang.reflect.Method.invoke(Method.java:498)
at org.testng.internal.MethodInvocationHelper.invokeMethod(MethodInvocationHelper.java:124)
at org.testng.internal.Invoker.invokeMethod(Invoker.java:580)
at org.testng.internal.Invoker.invokeTestMethod(Invoker.java:716)
at org.testng.internal.Invoker.invokeTestMethods(Invoker.java:988)
at org.testng.internal.TestMethodWorker.invokeTestMethods(TestMethodWorker.java:125)
at org.testng.internal.TestMethodWorker.run(TestMethodWorker.java:109)
at org.testng.TestRunner.privateRun(TestRunner.java:648)
at org.testng.TestRunner.run(TestRunner.java:505)
at org.testng.SuiteRunner.runTest(SuiteRunner.java:455)
at org.testng.SuiteRunner.runSequentially(SuiteRunner.java:450)
at org.testng.SuiteRunner.privateRun(SuiteRunner.java:415)
at org.testng.SuiteRunner.run(SuiteRunner.java:364)
at org.testng.SuiteRunnerWorker.runSuite(SuiteRunnerWorker.java:52)
at org.testng.SuiteRunnerWorker.run(SuiteRunnerWorker.java:84)
at org.testng.TestNG.runSuitesSequentially(TestNG.java:1208)
at org.testng.TestNG.runSuitesLocally(TestNG.java:1137)
at org.testng.TestNG.runSuites(TestNG.java:1049)
at org.testng.TestNG.run(TestNG.java:1017)
at org.testng.remote.AbstractRemoteTestNG.run(AbstractRemoteTestNG.java:114)
at org.testng.remote.RemoteTestNG.initAndRun(RemoteTestNG.java:251)
at org.testng.remote.RemoteTestNG.main(RemoteTestNG.java:77)
]]>
    </error>
  </testcase> <!-- newMessageReply -->
  <testcase name="deleteMessage" time="8.099" classname="clo.LoginPage">
    <error type="org.openqa.selenium.WebDriverException" message="chrome not reachable
  (Session info: chrome=74.0.3729.131)
  (Driver info: chromedriver=2.39.562718 (9a2698cba08cf5a471a29d30c8b3e12becabb0e9),platform=Windows NT 6.2.9200 x86_64) (WARNING: The server did not provide any stacktrace information)
Command duration or timeout: 6.09 seconds
Build info: version: &#039;2.53.0&#039;, revision: &#039;35ae25b1534ae328c771e0856c93e187490ca824&#039;, time: &#039;2016-03-15 10:43:46&#039;
System info: host: &#039;qaint&#039;, ip: &#039;89.0.1.156&#039;, os.name: &#039;Windows Server 2012&#039;, os.arch: &#039;amd64&#039;, os.version: &#039;6.2&#039;, java.version: &#039;1.8.0_171&#039;
Driver info: org.openqa.selenium.chrome.ChromeDriver
Capabilities [{applicationCacheEnabled=false, rotatable=false, mobileEmulationEnabled=false, networkConnectionEnabled=false, chrome={chromedriverVersion=2.39.562718 (9a2698cba08cf5a471a29d30c8b3e12becabb0e9), userDataDir=C:\Users\SSREEN~1\AppData\Local\Temp\5\scoped_dir7796_30153}, takesHeapSnapshot=true, pageLoadStrategy=normal, databaseEnabled=false, handlesAlerts=true, hasTouchScreen=false, version=74.0.3729.131, platform=WIN8, browserConnectionEnabled=false, nativeEvents=true, acceptSslCerts=false, acceptInsecureCerts=false, locationContextEnabled=true, webStorageEnabled=true, browserName=chrome, takesScreenshot=true, javascriptEnabled=true, cssSelectorsEnabled=true, setWindowRect=true, unexpectedAlertBehaviour=}]
Session ID: 66a9f836846869e89519e6a8e1c97682
*** Element info: {Using=id, value=btnDeleteMessage}">
      <![CDATA[org.openqa.selenium.WebDriverException: chrome not reachable
  (Session info: chrome=74.0.3729.131)
  (Driver info: chromedriver=2.39.562718 (9a2698cba08cf5a471a29d30c8b3e12becabb0e9),platform=Windows NT 6.2.9200 x86_64) (WARNING: The server did not provide any stacktrace information)
Command duration or timeout: 6.09 seconds
Build info: version: '2.53.0', revision: '35ae25b1534ae328c771e0856c93e187490ca824', time: '2016-03-15 10:43:46'
System info: host: 'qaint', ip: '89.0.1.156', os.name: 'Windows Server 2012', os.arch: 'amd64', os.version: '6.2', java.version: '1.8.0_171'
Driver info: org.openqa.selenium.chrome.ChromeDriver
Capabilities [{applicationCacheEnabled=false, rotatable=false, mobileEmulationEnabled=false, networkConnectionEnabled=false, chrome={chromedriverVersion=2.39.562718 (9a2698cba08cf5a471a29d30c8b3e12becabb0e9), userDataDir=C:\Users\SSREEN~1\AppData\Local\Temp\5\scoped_dir7796_30153}, takesHeapSnapshot=true, pageLoadStrategy=normal, databaseEnabled=false, handlesAlerts=true, hasTouchScreen=false, version=74.0.3729.131, platform=WIN8, browserConnectionEnabled=false, nativeEvents=true, acceptSslCerts=false, acceptInsecureCerts=false, locationContextEnabled=true, webStorageEnabled=true, browserName=chrome, takesScreenshot=true, javascriptEnabled=true, cssSelectorsEnabled=true, setWindowRect=true, unexpectedAlertBehaviour=}]
Session ID: 66a9f836846869e89519e6a8e1c97682
*** Element info: {Using=id, value=btnDeleteMessage}
at sun.reflect.NativeConstructorAccessorImpl.newInstance0(Native Method)
at sun.reflect.NativeConstructorAccessorImpl.newInstance(NativeConstructorAccessorImpl.java:62)
at sun.reflect.DelegatingConstructorAccessorImpl.newInstance(DelegatingConstructorAccessorImpl.java:45)
at java.lang.reflect.Constructor.newInstance(Constructor.java:423)
at org.openqa.selenium.remote.ErrorHandler.createThrowable(ErrorHandler.java:206)
at org.openqa.selenium.remote.ErrorHandler.throwIfResponseFailed(ErrorHandler.java:158)
at org.openqa.selenium.remote.RemoteWebDriver.execute(RemoteWebDriver.java:678)
at org.openqa.selenium.remote.RemoteWebDriver.findElement(RemoteWebDriver.java:363)
at org.openqa.selenium.remote.RemoteWebDriver.findElementById(RemoteWebDriver.java:413)
at org.openqa.selenium.By$ById.findElement(By.java:218)
at org.openqa.selenium.remote.RemoteWebDriver.findElement(RemoteWebDriver.java:355)
at pageObjects.OverviewpgPO.clicknotifdeletebtn(OverviewpgPO.java:325)
at clo.LoginPage.deleteMessage(LoginPage.java:325)
at sun.reflect.NativeMethodAccessorImpl.invoke0(Native Method)
at sun.reflect.NativeMethodAccessorImpl.invoke(NativeMethodAccessorImpl.java:62)
at sun.reflect.DelegatingMethodAccessorImpl.invoke(DelegatingMethodAccessorImpl.java:43)
at java.lang.reflect.Method.invoke(Method.java:498)
at org.testng.internal.MethodInvocationHelper.invokeMethod(MethodInvocationHelper.java:124)
at org.testng.internal.Invoker.invokeMethod(Invoker.java:580)
at org.testng.internal.Invoker.invokeTestMethod(Invoker.java:716)
at org.testng.internal.Invoker.invokeTestMethods(Invoker.java:988)
=======
<testsuite skipped="0" hostname="coyote" name="clo.LoginPage" tests="14" failures="0" timestamp="15 May 2019 20:28:01 GMT" time="82.055" errors="1">
  <testcase name="loginNegative" time="12.302" classname="clo.LoginPage"/>
  <testcase name="forgotPassword" time="10.591" classname="clo.LoginPage"/>
  <testcase name="loginPositive" time="12.370" classname="clo.LoginPage"/>
  <testcase name="createNewAppointment" time="8.080" classname="clo.LoginPage"/>
  <testcase name="createApptSameTime" time="8.439" classname="clo.LoginPage"/>
  <testcase name="updateAppointment" time="6.193" classname="clo.LoginPage"/>
  <testcase name="deleteAppointment" time="1.174" classname="clo.LoginPage"/>
  <testcase name="deleteSecondAppointment" time="0.058" classname="clo.LoginPage">
    <error type="org.openqa.selenium.WebDriverException" message="unknown error: Element &lt;span class=&quot;jss450&quot;&gt;...&lt;/span&gt; is not clickable at point (529, 313). Other element would receive the click: &lt;div class=&quot;jss698&quot; aria-hidden=&quot;true&quot; style=&quot;opacity: 1; will-change: opacity; transition: opacity 225ms cubic-bezier(0.4, 0, 0.2, 1) 0ms;&quot;&gt;&lt;/div&gt;
  (Session info: chrome=74.0.3729.131)
  (Driver info: chromedriver=2.39.562718 (9a2698cba08cf5a471a29d30c8b3e12becabb0e9),platform=Windows NT 10.0.17134 x86_64) (WARNING: The server did not provide any stacktrace information)
Command duration or timeout: 43 milliseconds
Build info: version: &#039;2.53.0&#039;, revision: &#039;35ae25b1534ae328c771e0856c93e187490ca824&#039;, time: &#039;2016-03-15 10:43:46&#039;
System info: host: &#039;coyote&#039;, ip: &#039;10.1.1.72&#039;, os.name: &#039;Windows 10&#039;, os.arch: &#039;amd64&#039;, os.version: &#039;10.0&#039;, java.version: &#039;1.8.0_181&#039;
Driver info: org.openqa.selenium.chrome.ChromeDriver
Capabilities [{applicationCacheEnabled=false, rotatable=false, mobileEmulationEnabled=false, networkConnectionEnabled=false, chrome={chromedriverVersion=2.39.562718 (9a2698cba08cf5a471a29d30c8b3e12becabb0e9), userDataDir=C:\Users\nmenon\AppData\Local\Temp\scoped_dir60436_10997}, takesHeapSnapshot=true, pageLoadStrategy=normal, databaseEnabled=false, handlesAlerts=true, hasTouchScreen=false, version=74.0.3729.131, platform=XP, browserConnectionEnabled=false, nativeEvents=true, acceptSslCerts=false, acceptInsecureCerts=false, locationContextEnabled=true, webStorageEnabled=true, browserName=chrome, takesScreenshot=true, javascriptEnabled=true, cssSelectorsEnabled=true, setWindowRect=true, unexpectedAlertBehaviour=}]
Session ID: 4cc5c095e5b12636bcc63cf6b37952a6">
      <![CDATA[org.openqa.selenium.WebDriverException: unknown error: Element <span class="jss450">...</span> is not clickable at point (529, 313). Other element would receive the click: <div class="jss698" aria-hidden="true" style="opacity: 1; will-change: opacity; transition: opacity 225ms cubic-bezier(0.4, 0, 0.2, 1) 0ms;"></div>
  (Session info: chrome=74.0.3729.131)
  (Driver info: chromedriver=2.39.562718 (9a2698cba08cf5a471a29d30c8b3e12becabb0e9),platform=Windows NT 10.0.17134 x86_64) (WARNING: The server did not provide any stacktrace information)
Command duration or timeout: 43 milliseconds
Build info: version: '2.53.0', revision: '35ae25b1534ae328c771e0856c93e187490ca824', time: '2016-03-15 10:43:46'
System info: host: 'coyote', ip: '10.1.1.72', os.name: 'Windows 10', os.arch: 'amd64', os.version: '10.0', java.version: '1.8.0_181'
Driver info: org.openqa.selenium.chrome.ChromeDriver
Capabilities [{applicationCacheEnabled=false, rotatable=false, mobileEmulationEnabled=false, networkConnectionEnabled=false, chrome={chromedriverVersion=2.39.562718 (9a2698cba08cf5a471a29d30c8b3e12becabb0e9), userDataDir=C:\Users\nmenon\AppData\Local\Temp\scoped_dir60436_10997}, takesHeapSnapshot=true, pageLoadStrategy=normal, databaseEnabled=false, handlesAlerts=true, hasTouchScreen=false, version=74.0.3729.131, platform=XP, browserConnectionEnabled=false, nativeEvents=true, acceptSslCerts=false, acceptInsecureCerts=false, locationContextEnabled=true, webStorageEnabled=true, browserName=chrome, takesScreenshot=true, javascriptEnabled=true, cssSelectorsEnabled=true, setWindowRect=true, unexpectedAlertBehaviour=}]
Session ID: 4cc5c095e5b12636bcc63cf6b37952a6
at sun.reflect.NativeConstructorAccessorImpl.newInstance0(Native Method)
at sun.reflect.NativeConstructorAccessorImpl.newInstance(Unknown Source)
at sun.reflect.DelegatingConstructorAccessorImpl.newInstance(Unknown Source)
at java.lang.reflect.Constructor.newInstance(Unknown Source)
at org.openqa.selenium.remote.ErrorHandler.createThrowable(ErrorHandler.java:206)
at org.openqa.selenium.remote.ErrorHandler.throwIfResponseFailed(ErrorHandler.java:158)
at org.openqa.selenium.remote.RemoteWebDriver.execute(RemoteWebDriver.java:678)
at org.openqa.selenium.remote.RemoteWebElement.execute(RemoteWebElement.java:327)
at org.openqa.selenium.remote.RemoteWebElement.click(RemoteWebElement.java:85)
at clo.LoginPage.deleteSecondAppointment(LoginPage.java:210)
at sun.reflect.NativeMethodAccessorImpl.invoke0(Native Method)
at sun.reflect.NativeMethodAccessorImpl.invoke(Unknown Source)
at sun.reflect.DelegatingMethodAccessorImpl.invoke(Unknown Source)
at java.lang.reflect.Method.invoke(Unknown Source)
at org.testng.internal.MethodInvocationHelper.invokeMethod(MethodInvocationHelper.java:124)
at org.testng.internal.Invoker.invokeMethod(Invoker.java:583)
at org.testng.internal.Invoker.invokeTestMethod(Invoker.java:719)
at org.testng.internal.Invoker.invokeTestMethods(Invoker.java:989)
>>>>>>> b55248094518fde647269a5101baea65bb3377d3
at org.testng.internal.TestMethodWorker.invokeTestMethods(TestMethodWorker.java:125)
at org.testng.internal.TestMethodWorker.run(TestMethodWorker.java:109)
at org.testng.TestRunner.privateRun(TestRunner.java:648)
at org.testng.TestRunner.run(TestRunner.java:505)
at org.testng.SuiteRunner.runTest(SuiteRunner.java:455)
at org.testng.SuiteRunner.runSequentially(SuiteRunner.java:450)
at org.testng.SuiteRunner.privateRun(SuiteRunner.java:415)
at org.testng.SuiteRunner.run(SuiteRunner.java:364)
at org.testng.SuiteRunnerWorker.runSuite(SuiteRunnerWorker.java:52)
at org.testng.SuiteRunnerWorker.run(SuiteRunnerWorker.java:84)
at org.testng.TestNG.runSuitesSequentially(TestNG.java:1208)
at org.testng.TestNG.runSuitesLocally(TestNG.java:1137)
at org.testng.TestNG.runSuites(TestNG.java:1049)
at org.testng.TestNG.run(TestNG.java:1017)
<<<<<<< HEAD
at org.testng.remote.AbstractRemoteTestNG.run(AbstractRemoteTestNG.java:114)
=======
at org.testng.remote.AbstractRemoteTestNG.run(AbstractRemoteTestNG.java:115)
>>>>>>> b55248094518fde647269a5101baea65bb3377d3
at org.testng.remote.RemoteTestNG.initAndRun(RemoteTestNG.java:251)
at org.testng.remote.RemoteTestNG.main(RemoteTestNG.java:77)
]]>
    </error>
<<<<<<< HEAD
  </testcase> <!-- deleteMessage -->
=======
  </testcase> <!-- deleteSecondAppointment -->
  <testcase name="newMessageSent" time="4.571" classname="clo.LoginPage"/>
  <testcase name="newMessageReply" time="3.820" classname="clo.LoginPage"/>
  <testcase name="deleteMessage" time="2.289" classname="clo.LoginPage"/>
  <testcase name="checksReadyToPrint" time="4.782" classname="clo.LoginPage"/>
  <testcase name="checksRegister" time="5.616" classname="clo.LoginPage"/>
  <testcase name="voidCheck" time="1.770" classname="clo.LoginPage"/>
>>>>>>> b55248094518fde647269a5101baea65bb3377d3
</testsuite> <!-- clo.LoginPage -->
