<?xml version="1.0" encoding="UTF-8"?>
<!-- Generated by org.testng.reporters.JUnitReportReporter -->
<testsuite skipped="0" hostname="coyote" name="clo.LoginPage" tests="13" failures="0" timestamp="14 Oct 2019 15:58:26 GMT" time="70.387" errors="0">
  <testcase name="loginPositive" time="14.128" classname="clo.LoginPage"/>
  <testcase name="createNewAppointment" time="10.757" classname="clo.LoginPage"/>
  <testcase name="createApptSameTime" time="8.373" classname="clo.LoginPage"/>
  <testcase name="updateAppointment" time="6.142" classname="clo.LoginPage"/>
  <testcase name="PasttimeAppointment" time="3.567" classname="clo.LoginPage"/>
  <testcase name="deleteAppointment" time="1.171" classname="clo.LoginPage"/>
  <testcase name="deleteSecondAppointment" time="2.159" classname="clo.LoginPage"/>
  <testcase name="newMessageSent" time="4.682" classname="clo.LoginPage"/>
  <testcase name="newMessageReply" time="3.862" classname="clo.LoginPage"/>
  <testcase name="deleteMessage" time="2.308" classname="clo.LoginPage"/>
  <testcase name="checksReadyToPrint" time="4.807" classname="clo.LoginPage"/>
  <testcase name="checksRegister" time="6.612" classname="clo.LoginPage"/>
  <testcase name="voidCheck" time="1.819" classname="clo.LoginPage"/>
</testsuite> <!-- clo.LoginPage -->
