<?xml version="1.0" encoding="UTF-8"?>
<!-- Generated by org.testng.reporters.JUnitReportReporter -->
<testsuite skipped="0" hostname="coyote" name="clo.LoginPage" tests="12" failures="0" timestamp="08 Oct 2019 20:34:24 GMT" time="67.189" errors="0">
  <testcase name="loginPositive" time="13.131" classname="clo.LoginPage"/>
  <testcase name="createNewAppointment" time="10.757" classname="clo.LoginPage"/>
  <testcase name="createApptSameTime" time="8.408" classname="clo.LoginPage"/>
  <testcase name="updateAppointment" time="6.153" classname="clo.LoginPage"/>
  <testcase name="PasttimeAppointment" time="3.606" classname="clo.LoginPage"/>
  <testcase name="deleteAppointment" time="1.177" classname="clo.LoginPage"/>
  <testcase name="deleteSecondAppointment" time="2.161" classname="clo.LoginPage"/>
  <testcase name="newMessageSent" time="4.735" classname="clo.LoginPage"/>
  <testcase name="newMessageReply" time="3.817" classname="clo.LoginPage"/>
  <testcase name="checksReadyToPrint" time="4.853" classname="clo.LoginPage"/>
  <testcase name="checksRegister" time="6.594" classname="clo.LoginPage"/>
  <testcase name="voidCheck" time="1.797" classname="clo.LoginPage"/>
</testsuite> <!-- clo.LoginPage -->
