<?xml version="1.0" encoding="UTF-8"?>
<!-- Generated by org.testng.reporters.JUnitReportReporter -->
<<<<<<< HEAD
<testsuite skipped="0" hostname="coyote" name="clo.DatabaseSettings" tests="24" failures="0" timestamp="24 Jul 2019 20:54:43 GMT" time="79.139" errors="0">
  <testcase name="dbAddCity" time="18.194" classname="clo.DatabaseSettings"/>
  <testcase name="dbEditCity" time="1.964" classname="clo.DatabaseSettings"/>
  <testcase name="dbDeleteCity" time="4.531" classname="clo.DatabaseSettings"/>
  <testcase name="dbaddEmployer" time="4.421" classname="clo.DatabaseSettings"/>
  <testcase name="dbeditEmployer" time="3.390" classname="clo.DatabaseSettings"/>
  <testcase name="dbDeleteEmployer" time="2.702" classname="clo.DatabaseSettings"/>
  <testcase name="dbaddCareProvider" time="3.443" classname="clo.DatabaseSettings"/>
  <testcase name="dbeditCareProvider" time="2.435" classname="clo.DatabaseSettings"/>
  <testcase name="dbDeleteCareProvider" time="2.444" classname="clo.DatabaseSettings"/>
  <testcase name="dbaddReferrals" time="1.871" classname="clo.DatabaseSettings"/>
  <testcase name="dbeditReferrals" time="1.862" classname="clo.DatabaseSettings"/>
  <testcase name="dbDeleteReferrals" time="3.305" classname="clo.DatabaseSettings"/>
  <testcase name="dbaddDonee" time="2.782" classname="clo.DatabaseSettings"/>
  <testcase name="dbeditDonee" time="2.526" classname="clo.DatabaseSettings"/>
  <testcase name="dbDeleteDonee" time="2.298" classname="clo.DatabaseSettings"/>
  <testcase name="dbaddBankRTN" time="1.701" classname="clo.DatabaseSettings"/>
  <testcase name="dbeditBankRTN" time="1.634" classname="clo.DatabaseSettings"/>
  <testcase name="dbDeleteBankRTN" time="2.274" classname="clo.DatabaseSettings"/>
  <testcase name="dbaddOccupations" time="1.871" classname="clo.DatabaseSettings"/>
  <testcase name="dbeditOccupations" time="1.719" classname="clo.DatabaseSettings"/>
  <testcase name="dbDeleteOccupations" time="2.453" classname="clo.DatabaseSettings"/>
  <testcase name="dbaddEducationalInstitute" time="2.773" classname="clo.DatabaseSettings"/>
  <testcase name="dbeditEducationalInstitute" time="1.849" classname="clo.DatabaseSettings"/>
  <testcase name="dbDeleteEducationalInstitute" time="4.697" classname="clo.DatabaseSettings"/>
=======
<<<<<<< HEAD
<testsuite skipped="0" hostname="qaint" name="clo.DatabaseSettings" tests="16" failures="0" timestamp="09 Jul 2019 17:41:53 GMT" time="79.228" errors="0">
  <testcase name="dbAddCity" time="22.207" classname="clo.DatabaseSettings"/>
  <testcase name="dbEditCity" time="2.766" classname="clo.DatabaseSettings"/>
  <testcase name="dbaddEmployer" time="8.136" classname="clo.DatabaseSettings"/>
  <testcase name="dbeditEmployer" time="6.342" classname="clo.DatabaseSettings"/>
  <testcase name="dbaddCareProvider" time="5.702" classname="clo.DatabaseSettings"/>
  <testcase name="dbeditCareProvider" time="3.921" classname="clo.DatabaseSettings"/>
  <testcase name="dbaddReferrals" time="2.016" classname="clo.DatabaseSettings"/>
  <testcase name="dbeditReferrals" time="2.169" classname="clo.DatabaseSettings"/>
  <testcase name="dbaddDonee" time="4.585" classname="clo.DatabaseSettings"/>
  <testcase name="dbeditDonee" time="4.206" classname="clo.DatabaseSettings"/>
  <testcase name="dbaddBankRTN" time="2.235" classname="clo.DatabaseSettings"/>
  <testcase name="dbeditBankRTN" time="2.180" classname="clo.DatabaseSettings"/>
  <testcase name="dbaddOccupations" time="2.798" classname="clo.DatabaseSettings"/>
  <testcase name="dbeditOccupations" time="2.384" classname="clo.DatabaseSettings"/>
  <testcase name="dbaddEducationalInstitute" time="4.921" classname="clo.DatabaseSettings"/>
  <testcase name="dbeditEducationalInstitute" time="2.660" classname="clo.DatabaseSettings"/>
=======
<testsuite skipped="0" hostname="coyote" name="clo.DatabaseSettings" tests="16" failures="0" timestamp="10 Jul 2019 22:06:53 GMT" time="59.739" errors="0">
  <testcase name="dbAddCity" time="21.187" classname="clo.DatabaseSettings"/>
  <testcase name="dbEditCity" time="2.052" classname="clo.DatabaseSettings"/>
  <testcase name="dbaddEmployer" time="4.697" classname="clo.DatabaseSettings"/>
  <testcase name="dbeditEmployer" time="3.643" classname="clo.DatabaseSettings"/>
  <testcase name="dbaddCareProvider" time="3.809" classname="clo.DatabaseSettings"/>
  <testcase name="dbeditCareProvider" time="2.610" classname="clo.DatabaseSettings"/>
  <testcase name="dbaddReferrals" time="1.659" classname="clo.DatabaseSettings"/>
  <testcase name="dbeditReferrals" time="1.715" classname="clo.DatabaseSettings"/>
  <testcase name="dbaddDonee" time="3.030" classname="clo.DatabaseSettings"/>
  <testcase name="dbeditDonee" time="2.901" classname="clo.DatabaseSettings"/>
  <testcase name="dbaddBankRTN" time="1.820" classname="clo.DatabaseSettings"/>
  <testcase name="dbeditBankRTN" time="1.647" classname="clo.DatabaseSettings"/>
  <testcase name="dbaddOccupations" time="1.981" classname="clo.DatabaseSettings"/>
  <testcase name="dbeditOccupations" time="1.861" classname="clo.DatabaseSettings"/>
  <testcase name="dbaddEducationalInstitute" time="3.137" classname="clo.DatabaseSettings"/>
  <testcase name="dbeditEducationalInstitute" time="1.990" classname="clo.DatabaseSettings"/>
>>>>>>> a1df837363b8e6e6d749d7f5f54b0b34e42bf6e7
>>>>>>> 2fc615bc5fffadca6d1274b1ebf27701d10d798c
</testsuite> <!-- clo.DatabaseSettings -->
