<?xml version="1.0" encoding="UTF-8"?>
<!-- Generated by org.testng.reporters.JUnitReportReporter -->
<testsuite skipped="0" hostname="qaint" name="clo.LoginPage" tests="12" failures="0" timestamp="29 Jul 2019 21:49:51 GMT" time="71.652" errors="0">
  <testcase name="loginPositive" time="16.094" classname="clo.LoginPage"/>
  <testcase name="createNewAppointment" time="8.123" classname="clo.LoginPage"/>
  <testcase name="createApptSameTime" time="9.945" classname="clo.LoginPage"/>
  <testcase name="updateAppointment" time="6.939" classname="clo.LoginPage"/>
  <testcase name="deleteAppointment" time="1.253" classname="clo.LoginPage"/>
  <testcase name="deleteSecondAppointment" time="2.247" classname="clo.LoginPage"/>
  <testcase name="newMessageSent" time="5.768" classname="clo.LoginPage"/>
  <testcase name="newMessageReply" time="4.264" classname="clo.LoginPage"/>
  <testcase name="deleteMessage" time="2.463" classname="clo.LoginPage"/>
  <testcase name="checksReadyToPrint" time="5.291" classname="clo.LoginPage"/>
  <testcase name="checksRegister" time="6.658" classname="clo.LoginPage"/>
  <testcase name="voidCheck" time="2.607" classname="clo.LoginPage"/>
</testsuite> <!-- clo.LoginPage -->
