<?xml version="1.0" encoding="UTF-8"?>
<!-- Generated by org.testng.reporters.JUnitReportReporter -->
<testsuite skipped="0" hostname="qaint" name="clo.SettingsChanges" tests="7" failures="0" timestamp="09 Jul 2019 17:41:53 GMT" time="53.300" errors="0">
  <testcase name="switchYear" time="27.349" classname="clo.SettingsChanges"/>
  <testcase name="changePassword" time="4.672" classname="clo.SettingsChanges"/>
  <testcase name="changePasswordCancel" time="4.593" classname="clo.SettingsChanges"/>
  <testcase name="toggleTrainingMode" time="3.342" classname="clo.SettingsChanges"/>
  <testcase name="toggleTrainingModeOff" time="3.430" classname="clo.SettingsChanges"/>
  <testcase name="captureSignature" time="7.190" classname="clo.SettingsChanges"/>
  <testcase name="loginSettings" time="2.724" classname="clo.SettingsChanges"/>
</testsuite> <!-- clo.SettingsChanges -->
