<?xml version="1.0" encoding="UTF-8"?>
<!-- Generated by org.testng.reporters.JUnitReportReporter -->
<testsuite skipped="0" hostname="coyote" name="clo.LoginPage" tests="12" failures="0" timestamp="28 Aug 2019 20:29:46 GMT" time="60.492" errors="0">
  <testcase name="loginPositive" time="10.967" classname="clo.LoginPage"/>
  <testcase name="createNewAppointment" time="6.882" classname="clo.LoginPage"/>
  <testcase name="createApptSameTime" time="8.336" classname="clo.LoginPage"/>
  <testcase name="updateAppointment" time="6.129" classname="clo.LoginPage"/>
  <testcase name="PasttimeAppointment" time="3.547" classname="clo.LoginPage"/>
  <testcase name="deleteAppointment" time="1.150" classname="clo.LoginPage"/>
  <testcase name="deleteSecondAppointment" time="2.130" classname="clo.LoginPage"/>
  <testcase name="newMessageSent" time="4.498" classname="clo.LoginPage"/>
  <testcase name="newMessageReply" time="3.747" classname="clo.LoginPage"/>
  <testcase name="checksReadyToPrint" time="4.744" classname="clo.LoginPage"/>
  <testcase name="checksRegister" time="6.585" classname="clo.LoginPage"/>
  <testcase name="voidCheck" time="1.777" classname="clo.LoginPage"/>
</testsuite> <!-- clo.LoginPage -->
