<?xml version="1.0" encoding="UTF-8"?>
<!-- Generated by org.testng.reporters.JUnitReportReporter -->
<testsuite skipped="0" hostname="coyote" name="clo.LoginPage" tests="12" failures="0" timestamp="03 Sep 2019 16:50:41 GMT" time="63.455" errors="0">
  <testcase name="loginPositive" time="13.517" classname="clo.LoginPage"/>
  <testcase name="createNewAppointment" time="6.992" classname="clo.LoginPage"/>
  <testcase name="createApptSameTime" time="8.472" classname="clo.LoginPage"/>
  <testcase name="updateAppointment" time="6.087" classname="clo.LoginPage"/>
  <testcase name="PasttimeAppointment" time="3.555" classname="clo.LoginPage"/>
  <testcase name="deleteAppointment" time="1.153" classname="clo.LoginPage"/>
  <testcase name="deleteSecondAppointment" time="2.137" classname="clo.LoginPage"/>
  <testcase name="newMessageSent" time="4.585" classname="clo.LoginPage"/>
  <testcase name="newMessageReply" time="3.800" classname="clo.LoginPage"/>
  <testcase name="checksReadyToPrint" time="4.837" classname="clo.LoginPage"/>
  <testcase name="checksRegister" time="6.584" classname="clo.LoginPage"/>
  <testcase name="voidCheck" time="1.736" classname="clo.LoginPage"/>
</testsuite> <!-- clo.LoginPage -->
