<?xml version="1.0" encoding="UTF-8"?>
<!-- Generated by org.testng.reporters.JUnitReportReporter -->
<testsuite skipped="0" hostname="coyote" name="clo.DatabaseSettings" tests="16" failures="0" timestamp="10 Jul 2019 22:06:53 GMT" time="59.739" errors="0">
  <testcase name="dbAddCity" time="21.187" classname="clo.DatabaseSettings"/>
  <testcase name="dbEditCity" time="2.052" classname="clo.DatabaseSettings"/>
  <testcase name="dbaddEmployer" time="4.697" classname="clo.DatabaseSettings"/>
  <testcase name="dbeditEmployer" time="3.643" classname="clo.DatabaseSettings"/>
  <testcase name="dbaddCareProvider" time="3.809" classname="clo.DatabaseSettings"/>
  <testcase name="dbeditCareProvider" time="2.610" classname="clo.DatabaseSettings"/>
  <testcase name="dbaddReferrals" time="1.659" classname="clo.DatabaseSettings"/>
  <testcase name="dbeditReferrals" time="1.715" classname="clo.DatabaseSettings"/>
  <testcase name="dbaddDonee" time="3.030" classname="clo.DatabaseSettings"/>
  <testcase name="dbeditDonee" time="2.901" classname="clo.DatabaseSettings"/>
  <testcase name="dbaddBankRTN" time="1.820" classname="clo.DatabaseSettings"/>
  <testcase name="dbeditBankRTN" time="1.647" classname="clo.DatabaseSettings"/>
  <testcase name="dbaddOccupations" time="1.981" classname="clo.DatabaseSettings"/>
  <testcase name="dbeditOccupations" time="1.861" classname="clo.DatabaseSettings"/>
  <testcase name="dbaddEducationalInstitute" time="3.137" classname="clo.DatabaseSettings"/>
  <testcase name="dbeditEducationalInstitute" time="1.990" classname="clo.DatabaseSettings"/>
</testsuite> <!-- clo.DatabaseSettings -->
