<?xml version="1.0" encoding="UTF-8"?>
<!-- Generated by org.testng.reporters.JUnitReportReporter -->
<testsuite skipped="0" hostname="qaint" name="clo.DatabaseSettings" tests="3" failures="0" timestamp="22 Jul 2019 18:19:36 GMT" time="36.727" errors="0">
  <testcase name="dbAddCity" time="23.178" classname="clo.DatabaseSettings"/>
  <testcase name="dbEditCity" time="3.040" classname="clo.DatabaseSettings"/>
  <testcase name="dbDeleteCity" time="10.509" classname="clo.DatabaseSettings"/>
</testsuite> <!-- clo.DatabaseSettings -->
