<?xml version="1.0" encoding="UTF-8"?>
<!-- Generated by org.testng.reporters.JUnitReportReporter -->
<testsuite skipped="0" hostname="coyote" name="clo.LoginPage" tests="12" failures="0" timestamp="24 Jul 2019 20:54:43 GMT" time="63.695" errors="0">
  <testcase name="loginPositive" time="15.570" classname="clo.LoginPage"/>
  <testcase name="createNewAppointment" time="7.144" classname="clo.LoginPage"/>
  <testcase name="createApptSameTime" time="8.473" classname="clo.LoginPage"/>
  <testcase name="updateAppointment" time="6.197" classname="clo.LoginPage"/>
  <testcase name="deleteAppointment" time="1.182" classname="clo.LoginPage"/>
  <testcase name="deleteSecondAppointment" time="2.164" classname="clo.LoginPage"/>
  <testcase name="newMessageSent" time="4.700" classname="clo.LoginPage"/>
  <testcase name="newMessageReply" time="3.867" classname="clo.LoginPage"/>
  <testcase name="deleteMessage" time="2.299" classname="clo.LoginPage"/>
  <testcase name="checksReadyToPrint" time="4.862" classname="clo.LoginPage"/>
  <testcase name="checksRegister" time="5.397" classname="clo.LoginPage"/>
  <testcase name="voidCheck" time="1.840" classname="clo.LoginPage"/>
</testsuite> <!-- clo.LoginPage -->
