<?xml version="1.0" encoding="UTF-8"?>
<!-- Generated by org.testng.reporters.JUnitReportReporter -->
<testsuite skipped="0" hostname="qaint" name="clo.LoginPage" tests="1" failures="0" timestamp="18 Sep 2019 21:53:04 GMT" time="19.784" errors="0">
  <testcase name="loginPositive" time="19.784" classname="clo.LoginPage"/>
</testsuite> <!-- clo.LoginPage -->
