<?xml version="1.0" encoding="UTF-8"?>
<!-- Generated by org.testng.reporters.JUnitReportReporter -->
<testsuite skipped="0" hostname="coyote" name="clo.AccountSettings" tests="7" failures="0" timestamp="08 Oct 2019 20:35:13 GMT" time="22.515" errors="0">
  <testcase name="switchYear" time="7.011" classname="clo.AccountSettings"/>
  <testcase name="changePassword" time="2.989" classname="clo.AccountSettings"/>
  <testcase name="changePasswordCancel" time="2.810" classname="clo.AccountSettings"/>
  <testcase name="toggleTrainingMode" time="2.238" classname="clo.AccountSettings"/>
  <testcase name="toggleTrainingModeOff" time="2.264" classname="clo.AccountSettings"/>
  <testcase name="captureSignature" time="2.790" classname="clo.AccountSettings"/>
  <testcase name="loginSettings" time="2.413" classname="clo.AccountSettings"/>
</testsuite> <!-- clo.AccountSettings -->
