<?xml version="1.0" encoding="UTF-8"?>
<!-- Generated by org.testng.reporters.JUnitReportReporter -->
<testsuite skipped="0" hostname="coyote" name="clo.AccountSettings" tests="7" failures="0" timestamp="14 Oct 2019 16:01:20 GMT" time="22.375" errors="0">
  <testcase name="switchYear" time="7.010" classname="clo.AccountSettings"/>
  <testcase name="changePassword" time="2.925" classname="clo.AccountSettings"/>
  <testcase name="changePasswordCancel" time="2.822" classname="clo.AccountSettings"/>
  <testcase name="toggleTrainingMode" time="2.234" classname="clo.AccountSettings"/>
  <testcase name="toggleTrainingModeOff" time="2.240" classname="clo.AccountSettings"/>
  <testcase name="captureSignature" time="2.746" classname="clo.AccountSettings"/>
  <testcase name="loginSettings" time="2.398" classname="clo.AccountSettings"/>
</testsuite> <!-- clo.AccountSettings -->
