<?xml version="1.0" encoding="UTF-8"?>
<!-- Generated by org.testng.reporters.JUnitReportReporter -->
<testsuite skipped="0" hostname="coyote" name="clo.DatabaseSettings" tests="24" failures="0" timestamp="08 Oct 2019 20:36:39 GMT" time="60.267" errors="0">
  <testcase name="dbAddCity" time="5.127" classname="clo.DatabaseSettings"/>
  <testcase name="dbEditCity" time="1.850" classname="clo.DatabaseSettings"/>
  <testcase name="dbDeleteCity" time="2.304" classname="clo.DatabaseSettings"/>
  <testcase name="dbaddEmployer" time="4.003" classname="clo.DatabaseSettings"/>
  <testcase name="dbeditEmployer" time="3.167" classname="clo.DatabaseSettings"/>
  <testcase name="dbDeleteEmployer" time="2.333" classname="clo.DatabaseSettings"/>
  <testcase name="dbaddCareProvider" time="3.198" classname="clo.DatabaseSettings"/>
  <testcase name="dbeditCareProvider" time="2.289" classname="clo.DatabaseSettings"/>
  <testcase name="dbDeleteCareProvider" time="2.283" classname="clo.DatabaseSettings"/>
  <testcase name="dbaddReferrals" time="1.860" classname="clo.DatabaseSettings"/>
  <testcase name="dbeditReferrals" time="1.553" classname="clo.DatabaseSettings"/>
  <testcase name="dbDeleteReferrals" time="2.352" classname="clo.DatabaseSettings"/>
  <testcase name="dbaddDonee" time="2.813" classname="clo.DatabaseSettings"/>
  <testcase name="dbeditDonee" time="2.527" classname="clo.DatabaseSettings"/>
  <testcase name="dbDeleteDonee" time="2.276" classname="clo.DatabaseSettings"/>
  <testcase name="dbaddBankRTN" time="1.722" classname="clo.DatabaseSettings"/>
  <testcase name="dbeditBankRTN" time="1.597" classname="clo.DatabaseSettings"/>
  <testcase name="dbDeleteBankRTN" time="2.235" classname="clo.DatabaseSettings"/>
  <testcase name="dbaddOccupations" time="1.781" classname="clo.DatabaseSettings"/>
  <testcase name="dbeditOccupations" time="1.640" classname="clo.DatabaseSettings"/>
  <testcase name="dbDeleteOccupations" time="2.253" classname="clo.DatabaseSettings"/>
  <testcase name="dbaddEducationalInstitute" time="2.736" classname="clo.DatabaseSettings"/>
  <testcase name="dbeditEducationalInstitute" time="1.831" classname="clo.DatabaseSettings"/>
  <testcase name="dbDeleteEducationalInstitute" time="4.537" classname="clo.DatabaseSettings"/>
</testsuite> <!-- clo.DatabaseSettings -->
