<?xml version="1.0" encoding="UTF-8"?>
<!-- Generated by org.testng.reporters.JUnitReportReporter -->
<testsuite skipped="0" hostname="qaint" name="clo.AccountSettings" tests="7" failures="0" timestamp="16 Jul 2019 16:48:22 GMT" time="62.585" errors="0">
  <testcase name="switchYear" time="19.944" classname="clo.AccountSettings"/>
  <testcase name="changePassword" time="12.041" classname="clo.AccountSettings"/>
  <testcase name="changePasswordCancel" time="5.487" classname="clo.AccountSettings"/>
  <testcase name="toggleTrainingMode" time="2.093" classname="clo.AccountSettings"/>
  <testcase name="toggleTrainingModeOff" time="3.316" classname="clo.AccountSettings"/>
  <testcase name="captureSignature" time="7.491" classname="clo.AccountSettings"/>
  <testcase name="loginSettings" time="12.213" classname="clo.AccountSettings"/>
</testsuite> <!-- clo.AccountSettings -->
