<?xml version="1.0" encoding="UTF-8"?>
<!-- Generated by org.testng.reporters.JUnitReportReporter -->
<<<<<<< HEAD
<testsuite skipped="0" hostname="coyote" name="clo.LoginPage" tests="12" failures="0" timestamp="03 Sep 2019 16:50:41 GMT" time="63.455" errors="0">
  <testcase name="loginPositive" time="13.517" classname="clo.LoginPage"/>
  <testcase name="createNewAppointment" time="6.992" classname="clo.LoginPage"/>
  <testcase name="createApptSameTime" time="8.472" classname="clo.LoginPage"/>
  <testcase name="updateAppointment" time="6.087" classname="clo.LoginPage"/>
  <testcase name="PasttimeAppointment" time="3.555" classname="clo.LoginPage"/>
  <testcase name="deleteAppointment" time="1.153" classname="clo.LoginPage"/>
  <testcase name="deleteSecondAppointment" time="2.137" classname="clo.LoginPage"/>
  <testcase name="newMessageSent" time="4.585" classname="clo.LoginPage"/>
  <testcase name="newMessageReply" time="3.800" classname="clo.LoginPage"/>
  <testcase name="checksReadyToPrint" time="4.837" classname="clo.LoginPage"/>
  <testcase name="checksRegister" time="6.584" classname="clo.LoginPage"/>
  <testcase name="voidCheck" time="1.736" classname="clo.LoginPage"/>
=======
<<<<<<< HEAD
<testsuite skipped="0" hostname="qaint" name="clo.LoginPage" tests="1" failures="0" timestamp="20 Aug 2019 18:05:27 GMT" time="20.949" errors="0">
  <testcase name="loginPositive" time="20.949" classname="clo.LoginPage"/>
=======
<testsuite skipped="0" hostname="coyote" name="clo.LoginPage" tests="12" failures="0" timestamp="28 Aug 2019 20:29:46 GMT" time="60.492" errors="0">
  <testcase name="loginPositive" time="10.967" classname="clo.LoginPage"/>
  <testcase name="createNewAppointment" time="6.882" classname="clo.LoginPage"/>
  <testcase name="createApptSameTime" time="8.336" classname="clo.LoginPage"/>
  <testcase name="updateAppointment" time="6.129" classname="clo.LoginPage"/>
  <testcase name="PasttimeAppointment" time="3.547" classname="clo.LoginPage"/>
  <testcase name="deleteAppointment" time="1.150" classname="clo.LoginPage"/>
  <testcase name="deleteSecondAppointment" time="2.130" classname="clo.LoginPage"/>
  <testcase name="newMessageSent" time="4.498" classname="clo.LoginPage"/>
  <testcase name="newMessageReply" time="3.747" classname="clo.LoginPage"/>
  <testcase name="checksReadyToPrint" time="4.744" classname="clo.LoginPage"/>
  <testcase name="checksRegister" time="6.585" classname="clo.LoginPage"/>
  <testcase name="voidCheck" time="1.777" classname="clo.LoginPage"/>
>>>>>>> 49516e63287e6e4a93e39d9e11eb39dfe51fdec9
>>>>>>> d0287f84589562a0e8382db6a70aa98568174b94
</testsuite> <!-- clo.LoginPage -->
