<?xml version="1.0" encoding="UTF-8"?>
<!-- Generated by org.testng.reporters.JUnitReportReporter -->
<<<<<<< HEAD
<testsuite skipped="0" hostname="coyote" name="clo.LoginPage" tests="12" failures="0" timestamp="24 Jul 2019 20:54:43 GMT" time="63.695" errors="0">
  <testcase name="loginPositive" time="15.570" classname="clo.LoginPage"/>
  <testcase name="createNewAppointment" time="7.144" classname="clo.LoginPage"/>
  <testcase name="createApptSameTime" time="8.473" classname="clo.LoginPage"/>
  <testcase name="updateAppointment" time="6.197" classname="clo.LoginPage"/>
  <testcase name="deleteAppointment" time="1.182" classname="clo.LoginPage"/>
  <testcase name="deleteSecondAppointment" time="2.164" classname="clo.LoginPage"/>
  <testcase name="newMessageSent" time="4.700" classname="clo.LoginPage"/>
  <testcase name="newMessageReply" time="3.867" classname="clo.LoginPage"/>
  <testcase name="deleteMessage" time="2.299" classname="clo.LoginPage"/>
  <testcase name="checksReadyToPrint" time="4.862" classname="clo.LoginPage"/>
  <testcase name="checksRegister" time="5.397" classname="clo.LoginPage"/>
  <testcase name="voidCheck" time="1.840" classname="clo.LoginPage"/>
=======
<<<<<<< HEAD
<testsuite skipped="0" hostname="qaint" name="clo.LoginPage" tests="2" failures="0" timestamp="10 Jul 2019 17:17:50 GMT" time="28.854" errors="1">
  <testcase name="loginNegative" time="15.087" classname="clo.LoginPage">
    <error type="java.lang.NullPointerException">
      <![CDATA[java.lang.NullPointerException
at clo.LoginPage.loginNegative(LoginPage.java:54)
at sun.reflect.NativeMethodAccessorImpl.invoke0(Native Method)
at sun.reflect.NativeMethodAccessorImpl.invoke(NativeMethodAccessorImpl.java:62)
at sun.reflect.DelegatingMethodAccessorImpl.invoke(DelegatingMethodAccessorImpl.java:43)
at java.lang.reflect.Method.invoke(Method.java:498)
at org.testng.internal.MethodInvocationHelper.invokeMethod(MethodInvocationHelper.java:124)
at org.testng.internal.Invoker.invokeMethod(Invoker.java:580)
at org.testng.internal.Invoker.invokeTestMethod(Invoker.java:716)
at org.testng.internal.Invoker.invokeTestMethods(Invoker.java:988)
at org.testng.internal.TestMethodWorker.invokeTestMethods(TestMethodWorker.java:125)
at org.testng.internal.TestMethodWorker.run(TestMethodWorker.java:109)
at org.testng.TestRunner.privateRun(TestRunner.java:648)
at org.testng.TestRunner.run(TestRunner.java:505)
at org.testng.SuiteRunner.runTest(SuiteRunner.java:455)
at org.testng.SuiteRunner.runSequentially(SuiteRunner.java:450)
at org.testng.SuiteRunner.privateRun(SuiteRunner.java:415)
at org.testng.SuiteRunner.run(SuiteRunner.java:364)
at org.testng.SuiteRunnerWorker.runSuite(SuiteRunnerWorker.java:52)
at org.testng.SuiteRunnerWorker.run(SuiteRunnerWorker.java:84)
at org.testng.TestNG.runSuitesSequentially(TestNG.java:1208)
at org.testng.TestNG.runSuitesLocally(TestNG.java:1137)
at org.testng.TestNG.runSuites(TestNG.java:1049)
at org.testng.TestNG.run(TestNG.java:1017)
at org.testng.remote.AbstractRemoteTestNG.run(AbstractRemoteTestNG.java:114)
at org.testng.remote.RemoteTestNG.initAndRun(RemoteTestNG.java:251)
at org.testng.remote.RemoteTestNG.main(RemoteTestNG.java:77)
]]>
    </error>
  </testcase> <!-- loginNegative -->
  <testcase name="loginPositive" time="13.767" classname="clo.LoginPage"/>
=======
<testsuite skipped="0" hostname="coyote" name="clo.LoginPage" tests="14" failures="0" timestamp="10 Jul 2019 22:06:53 GMT" time="85.434" errors="0">
  <testcase name="loginNegative" time="11.936" classname="clo.LoginPage"/>
  <testcase name="forgotPassword" time="9.298" classname="clo.LoginPage"/>
  <testcase name="loginPositive" time="15.084" classname="clo.LoginPage"/>
  <testcase name="createNewAppointment" time="8.083" classname="clo.LoginPage"/>
  <testcase name="createApptSameTime" time="8.430" classname="clo.LoginPage"/>
  <testcase name="updateAppointment" time="6.193" classname="clo.LoginPage"/>
  <testcase name="deleteAppointment" time="1.169" classname="clo.LoginPage"/>
  <testcase name="deleteSecondAppointment" time="2.158" classname="clo.LoginPage"/>
  <testcase name="newMessageSent" time="4.652" classname="clo.LoginPage"/>
  <testcase name="newMessageReply" time="3.859" classname="clo.LoginPage"/>
  <testcase name="deleteMessage" time="2.355" classname="clo.LoginPage"/>
  <testcase name="checksReadyToPrint" time="4.905" classname="clo.LoginPage"/>
  <testcase name="checksRegister" time="5.529" classname="clo.LoginPage"/>
  <testcase name="voidCheck" time="1.783" classname="clo.LoginPage"/>
>>>>>>> a1df837363b8e6e6d749d7f5f54b0b34e42bf6e7
>>>>>>> 2fc615bc5fffadca6d1274b1ebf27701d10d798c
</testsuite> <!-- clo.LoginPage -->
