<?xml version="1.0" encoding="UTF-8"?>
<!-- Generated by org.testng.reporters.JUnitReportReporter -->
<<<<<<< HEAD
<testsuite skipped="0" hostname="qaint" name="clo.SettingsChanges" tests="7" failures="0" timestamp="09 Jul 2019 17:41:53 GMT" time="53.300" errors="0">
  <testcase name="switchYear" time="27.349" classname="clo.SettingsChanges"/>
  <testcase name="changePassword" time="4.672" classname="clo.SettingsChanges"/>
  <testcase name="changePasswordCancel" time="4.593" classname="clo.SettingsChanges"/>
  <testcase name="toggleTrainingMode" time="3.342" classname="clo.SettingsChanges"/>
  <testcase name="toggleTrainingModeOff" time="3.430" classname="clo.SettingsChanges"/>
  <testcase name="captureSignature" time="7.190" classname="clo.SettingsChanges"/>
  <testcase name="loginSettings" time="2.724" classname="clo.SettingsChanges"/>
=======
<testsuite skipped="0" hostname="coyote" name="clo.SettingsChanges" tests="7" failures="0" timestamp="09 Jul 2019 17:49:16 GMT" time="49.315" errors="0">
  <testcase name="switchYear" time="26.327" classname="clo.SettingsChanges"/>
  <testcase name="changePassword" time="3.902" classname="clo.SettingsChanges"/>
  <testcase name="changePasswordCancel" time="3.778" classname="clo.SettingsChanges"/>
  <testcase name="toggleTrainingMode" time="3.149" classname="clo.SettingsChanges"/>
  <testcase name="toggleTrainingModeOff" time="3.175" classname="clo.SettingsChanges"/>
  <testcase name="captureSignature" time="6.619" classname="clo.SettingsChanges"/>
  <testcase name="loginSettings" time="2.365" classname="clo.SettingsChanges"/>
>>>>>>> a1df837363b8e6e6d749d7f5f54b0b34e42bf6e7
</testsuite> <!-- clo.SettingsChanges -->
