<?xml version="1.0" encoding="UTF-8"?>
<!-- Generated by org.testng.reporters.JUnitReportReporter -->
<testsuite skipped="0" hostname="coyote" name="clo.SettingsChanges" tests="7" failures="0" timestamp="02 Jul 2019 18:58:39 GMT" time="51.179" errors="0">
  <testcase name="switchYear" time="28.170" classname="clo.SettingsChanges"/>
  <testcase name="changePassword" time="3.901" classname="clo.SettingsChanges"/>
  <testcase name="changePasswordCancel" time="3.797" classname="clo.SettingsChanges"/>
  <testcase name="toggleTrainingMode" time="3.151" classname="clo.SettingsChanges"/>
  <testcase name="toggleTrainingModeOff" time="3.172" classname="clo.SettingsChanges"/>
  <testcase name="captureSignature" time="6.614" classname="clo.SettingsChanges"/>
  <testcase name="loginSettings" time="2.374" classname="clo.SettingsChanges"/>
</testsuite> <!-- clo.SettingsChanges -->
