<?xml version="1.0" encoding="UTF-8"?>
<!-- Generated by org.testng.reporters.JUnitReportReporter -->
<testsuite skipped="0" hostname="coyote" name="clo.AccountSettings" tests="7" failures="0" timestamp="10 Jul 2019 22:06:53 GMT" time="52.008" errors="0">
  <testcase name="switchYear" time="28.723" classname="clo.AccountSettings"/>
  <testcase name="changePassword" time="4.000" classname="clo.AccountSettings"/>
  <testcase name="changePasswordCancel" time="3.853" classname="clo.AccountSettings"/>
  <testcase name="toggleTrainingMode" time="3.161" classname="clo.AccountSettings"/>
  <testcase name="toggleTrainingModeOff" time="3.161" classname="clo.AccountSettings"/>
  <testcase name="captureSignature" time="6.679" classname="clo.AccountSettings"/>
  <testcase name="loginSettings" time="2.431" classname="clo.AccountSettings"/>
</testsuite> <!-- clo.AccountSettings -->
