<?xml version="1.0" encoding="UTF-8"?>
<!-- Generated by org.testng.reporters.JUnitReportReporter -->
<<<<<<< HEAD
<<<<<<< HEAD
<testsuite skipped="0" hostname="qaint" name="clo.DatabaseSettings" tests="24" failures="0" timestamp="30 Jul 2019 16:55:26 GMT" time="101.589" errors="0">
  <testcase name="dbAddCity" time="21.474" classname="clo.DatabaseSettings"/>
  <testcase name="dbEditCity" time="2.446" classname="clo.DatabaseSettings"/>
  <testcase name="dbDeleteCity" time="2.882" classname="clo.DatabaseSettings"/>
  <testcase name="dbaddEmployer" time="7.805" classname="clo.DatabaseSettings"/>
  <testcase name="dbeditEmployer" time="5.777" classname="clo.DatabaseSettings"/>
  <testcase name="dbDeleteEmployer" time="3.562" classname="clo.DatabaseSettings"/>
  <testcase name="dbaddCareProvider" time="4.969" classname="clo.DatabaseSettings"/>
  <testcase name="dbeditCareProvider" time="3.527" classname="clo.DatabaseSettings"/>
  <testcase name="dbDeleteCareProvider" time="2.684" classname="clo.DatabaseSettings"/>
  <testcase name="dbaddReferrals" time="2.712" classname="clo.DatabaseSettings"/>
  <testcase name="dbeditReferrals" time="2.728" classname="clo.DatabaseSettings"/>
  <testcase name="dbDeleteReferrals" time="4.626" classname="clo.DatabaseSettings"/>
  <testcase name="dbaddDonee" time="4.162" classname="clo.DatabaseSettings"/>
  <testcase name="dbeditDonee" time="3.688" classname="clo.DatabaseSettings"/>
  <testcase name="dbDeleteDonee" time="2.455" classname="clo.DatabaseSettings"/>
  <testcase name="dbaddBankRTN" time="2.155" classname="clo.DatabaseSettings"/>
  <testcase name="dbeditBankRTN" time="2.042" classname="clo.DatabaseSettings"/>
  <testcase name="dbDeleteBankRTN" time="2.465" classname="clo.DatabaseSettings"/>
  <testcase name="dbaddOccupations" time="2.638" classname="clo.DatabaseSettings"/>
  <testcase name="dbeditOccupations" time="2.280" classname="clo.DatabaseSettings"/>
  <testcase name="dbDeleteOccupations" time="2.864" classname="clo.DatabaseSettings"/>
  <testcase name="dbaddEducationalInstitute" time="4.081" classname="clo.DatabaseSettings"/>
  <testcase name="dbeditEducationalInstitute" time="2.417" classname="clo.DatabaseSettings"/>
  <testcase name="dbDeleteEducationalInstitute" time="5.150" classname="clo.DatabaseSettings"/>
=======
<testsuite skipped="0" hostname="coyote" name="clo.DatabaseSettings" tests="24" failures="0" timestamp="20 Aug 2019 15:59:53 GMT" time="63.287" errors="0">
  <testcase name="dbAddCity" time="5.313" classname="clo.DatabaseSettings"/>
  <testcase name="dbEditCity" time="1.843" classname="clo.DatabaseSettings"/>
  <testcase name="dbDeleteCity" time="4.364" classname="clo.DatabaseSettings"/>
  <testcase name="dbaddEmployer" time="4.228" classname="clo.DatabaseSettings"/>
  <testcase name="dbeditEmployer" time="3.129" classname="clo.DatabaseSettings"/>
  <testcase name="dbDeleteEmployer" time="2.339" classname="clo.DatabaseSettings"/>
  <testcase name="dbaddCareProvider" time="3.263" classname="clo.DatabaseSettings"/>
  <testcase name="dbeditCareProvider" time="2.315" classname="clo.DatabaseSettings"/>
  <testcase name="dbDeleteCareProvider" time="2.270" classname="clo.DatabaseSettings"/>
  <testcase name="dbaddReferrals" time="1.849" classname="clo.DatabaseSettings"/>
  <testcase name="dbeditReferrals" time="1.841" classname="clo.DatabaseSettings"/>
  <testcase name="dbDeleteReferrals" time="2.381" classname="clo.DatabaseSettings"/>
  <testcase name="dbaddDonee" time="2.745" classname="clo.DatabaseSettings"/>
  <testcase name="dbeditDonee" time="2.511" classname="clo.DatabaseSettings"/>
  <testcase name="dbDeleteDonee" time="2.279" classname="clo.DatabaseSettings"/>
  <testcase name="dbaddBankRTN" time="1.767" classname="clo.DatabaseSettings"/>
  <testcase name="dbeditBankRTN" time="1.651" classname="clo.DatabaseSettings"/>
  <testcase name="dbDeleteBankRTN" time="2.253" classname="clo.DatabaseSettings"/>
  <testcase name="dbaddOccupations" time="1.793" classname="clo.DatabaseSettings"/>
  <testcase name="dbeditOccupations" time="1.667" classname="clo.DatabaseSettings"/>
  <testcase name="dbDeleteOccupations" time="2.278" classname="clo.DatabaseSettings"/>
  <testcase name="dbaddEducationalInstitute" time="2.764" classname="clo.DatabaseSettings"/>
  <testcase name="dbeditEducationalInstitute" time="1.837" classname="clo.DatabaseSettings"/>
  <testcase name="dbDeleteEducationalInstitute" time="4.607" classname="clo.DatabaseSettings"/>
>>>>>>> 61e0e3cc2c837cca0c80548d5680ec9ee42b44d1
=======
<testsuite skipped="0" hostname="coyote" name="clo.DatabaseSettings" tests="24" failures="0" timestamp="28 Aug 2019 20:29:46 GMT" time="61.307" errors="0">
  <testcase name="dbAddCity" time="5.142" classname="clo.DatabaseSettings"/>
  <testcase name="dbEditCity" time="1.724" classname="clo.DatabaseSettings"/>
  <testcase name="dbDeleteCity" time="4.281" classname="clo.DatabaseSettings"/>
  <testcase name="dbaddEmployer" time="3.908" classname="clo.DatabaseSettings"/>
  <testcase name="dbeditEmployer" time="3.063" classname="clo.DatabaseSettings"/>
  <testcase name="dbDeleteEmployer" time="2.318" classname="clo.DatabaseSettings"/>
  <testcase name="dbaddCareProvider" time="2.986" classname="clo.DatabaseSettings"/>
  <testcase name="dbeditCareProvider" time="2.266" classname="clo.DatabaseSettings"/>
  <testcase name="dbDeleteCareProvider" time="2.240" classname="clo.DatabaseSettings"/>
  <testcase name="dbaddReferrals" time="1.795" classname="clo.DatabaseSettings"/>
  <testcase name="dbeditReferrals" time="1.822" classname="clo.DatabaseSettings"/>
  <testcase name="dbDeleteReferrals" time="2.398" classname="clo.DatabaseSettings"/>
  <testcase name="dbaddDonee" time="2.594" classname="clo.DatabaseSettings"/>
  <testcase name="dbeditDonee" time="2.449" classname="clo.DatabaseSettings"/>
  <testcase name="dbDeleteDonee" time="2.242" classname="clo.DatabaseSettings"/>
  <testcase name="dbaddBankRTN" time="1.657" classname="clo.DatabaseSettings"/>
  <testcase name="dbeditBankRTN" time="1.545" classname="clo.DatabaseSettings"/>
  <testcase name="dbDeleteBankRTN" time="2.241" classname="clo.DatabaseSettings"/>
  <testcase name="dbaddOccupations" time="1.763" classname="clo.DatabaseSettings"/>
  <testcase name="dbeditOccupations" time="1.597" classname="clo.DatabaseSettings"/>
  <testcase name="dbDeleteOccupations" time="2.252" classname="clo.DatabaseSettings"/>
  <testcase name="dbaddEducationalInstitute" time="2.658" classname="clo.DatabaseSettings"/>
  <testcase name="dbeditEducationalInstitute" time="1.781" classname="clo.DatabaseSettings"/>
  <testcase name="dbDeleteEducationalInstitute" time="4.585" classname="clo.DatabaseSettings"/>
>>>>>>> 49516e63287e6e4a93e39d9e11eb39dfe51fdec9
</testsuite> <!-- clo.DatabaseSettings -->
