<?xml version="1.0" encoding="UTF-8"?>
<!-- Generated by org.testng.reporters.JUnitReportReporter -->
<testsuite skipped="0" hostname="coyote" name="clo.LoginPage" tests="14" failures="0" timestamp="10 Jul 2019 22:06:53 GMT" time="85.434" errors="0">
  <testcase name="loginNegative" time="11.936" classname="clo.LoginPage"/>
  <testcase name="forgotPassword" time="9.298" classname="clo.LoginPage"/>
  <testcase name="loginPositive" time="15.084" classname="clo.LoginPage"/>
  <testcase name="createNewAppointment" time="8.083" classname="clo.LoginPage"/>
  <testcase name="createApptSameTime" time="8.430" classname="clo.LoginPage"/>
  <testcase name="updateAppointment" time="6.193" classname="clo.LoginPage"/>
  <testcase name="deleteAppointment" time="1.169" classname="clo.LoginPage"/>
  <testcase name="deleteSecondAppointment" time="2.158" classname="clo.LoginPage"/>
  <testcase name="newMessageSent" time="4.652" classname="clo.LoginPage"/>
  <testcase name="newMessageReply" time="3.859" classname="clo.LoginPage"/>
  <testcase name="deleteMessage" time="2.355" classname="clo.LoginPage"/>
  <testcase name="checksReadyToPrint" time="4.905" classname="clo.LoginPage"/>
  <testcase name="checksRegister" time="5.529" classname="clo.LoginPage"/>
  <testcase name="voidCheck" time="1.783" classname="clo.LoginPage"/>
</testsuite> <!-- clo.LoginPage -->
