<?xml version="1.0" encoding="UTF-8"?>
<!-- Generated by org.testng.reporters.JUnitReportReporter -->
<testsuite skipped="0" hostname="coyote" name="clo.AccountSettings" tests="7" failures="0" timestamp="28 Aug 2019 20:29:46 GMT" time="35.646" errors="0">
  <testcase name="switchYear" time="12.774" classname="clo.AccountSettings"/>
  <testcase name="changePassword" time="3.799" classname="clo.AccountSettings"/>
  <testcase name="changePasswordCancel" time="3.795" classname="clo.AccountSettings"/>
  <testcase name="toggleTrainingMode" time="3.155" classname="clo.AccountSettings"/>
  <testcase name="toggleTrainingModeOff" time="3.163" classname="clo.AccountSettings"/>
  <testcase name="captureSignature" time="6.582" classname="clo.AccountSettings"/>
  <testcase name="loginSettings" time="2.378" classname="clo.AccountSettings"/>
</testsuite> <!-- clo.AccountSettings -->
