<?xml version="1.0" encoding="UTF-8"?>
<!-- Generated by org.testng.reporters.JUnitReportReporter -->
<testsuite skipped="0" hostname="qaint" name="clo.DatabaseSettings" tests="16" failures="0" timestamp="09 Jul 2019 17:41:53 GMT" time="79.228" errors="0">
  <testcase name="dbAddCity" time="22.207" classname="clo.DatabaseSettings"/>
  <testcase name="dbEditCity" time="2.766" classname="clo.DatabaseSettings"/>
  <testcase name="dbaddEmployer" time="8.136" classname="clo.DatabaseSettings"/>
  <testcase name="dbeditEmployer" time="6.342" classname="clo.DatabaseSettings"/>
  <testcase name="dbaddCareProvider" time="5.702" classname="clo.DatabaseSettings"/>
  <testcase name="dbeditCareProvider" time="3.921" classname="clo.DatabaseSettings"/>
  <testcase name="dbaddReferrals" time="2.016" classname="clo.DatabaseSettings"/>
  <testcase name="dbeditReferrals" time="2.169" classname="clo.DatabaseSettings"/>
  <testcase name="dbaddDonee" time="4.585" classname="clo.DatabaseSettings"/>
  <testcase name="dbeditDonee" time="4.206" classname="clo.DatabaseSettings"/>
  <testcase name="dbaddBankRTN" time="2.235" classname="clo.DatabaseSettings"/>
  <testcase name="dbeditBankRTN" time="2.180" classname="clo.DatabaseSettings"/>
  <testcase name="dbaddOccupations" time="2.798" classname="clo.DatabaseSettings"/>
  <testcase name="dbeditOccupations" time="2.384" classname="clo.DatabaseSettings"/>
  <testcase name="dbaddEducationalInstitute" time="4.921" classname="clo.DatabaseSettings"/>
  <testcase name="dbeditEducationalInstitute" time="2.660" classname="clo.DatabaseSettings"/>
</testsuite> <!-- clo.DatabaseSettings -->
