<?xml version="1.0" encoding="UTF-8"?>
<!-- Generated by org.testng.reporters.JUnitReportReporter -->
<testsuite skipped="0" hostname="coyote" name="clo.DatabaseSettings" tests="16" failures="0" timestamp="02 Jul 2019 18:58:39 GMT" time="54.876" errors="0">
  <testcase name="dbAddCity" time="18.936" classname="clo.DatabaseSettings"/>
  <testcase name="dbEditCity" time="1.943" classname="clo.DatabaseSettings"/>
  <testcase name="dbaddEmployer" time="4.389" classname="clo.DatabaseSettings"/>
  <testcase name="dbeditEmployer" time="3.356" classname="clo.DatabaseSettings"/>
  <testcase name="dbaddCareProvider" time="3.468" classname="clo.DatabaseSettings"/>
  <testcase name="dbeditCareProvider" time="2.497" classname="clo.DatabaseSettings"/>
  <testcase name="dbaddReferrals" time="1.656" classname="clo.DatabaseSettings"/>
  <testcase name="dbeditReferrals" time="1.631" classname="clo.DatabaseSettings"/>
  <testcase name="dbaddDonee" time="2.702" classname="clo.DatabaseSettings"/>
  <testcase name="dbeditDonee" time="2.574" classname="clo.DatabaseSettings"/>
  <testcase name="dbaddBankRTN" time="1.754" classname="clo.DatabaseSettings"/>
  <testcase name="dbeditBankRTN" time="1.649" classname="clo.DatabaseSettings"/>
  <testcase name="dbaddOccupations" time="1.904" classname="clo.DatabaseSettings"/>
  <testcase name="dbeditOccupations" time="1.725" classname="clo.DatabaseSettings"/>
  <testcase name="dbaddEducationalInstitute" time="2.830" classname="clo.DatabaseSettings"/>
  <testcase name="dbeditEducationalInstitute" time="1.862" classname="clo.DatabaseSettings"/>
</testsuite> <!-- clo.DatabaseSettings -->
