<?xml version="1.0" encoding="UTF-8"?>
<!-- Generated by org.testng.reporters.JUnitReportReporter -->
<testsuite hostname="qaint" name="clo.DeleteaPreparer" tests="1" failures="0" timestamp="20 Feb 2019 22:01:01 GMT" time="2.623" errors="0">
  <testcase name="newPrep" time="2.623" classname="clo.DeleteaPreparer"/>
</testsuite> <!-- clo.DeleteaPreparer -->
