<?xml version="1.0" encoding="UTF-8"?>
<!-- Generated by org.testng.reporters.JUnitReportReporter -->
<testsuite skipped="0" hostname="coyote" name="clo.DatabaseSettings" tests="24" failures="0" timestamp="20 Aug 2019 15:59:53 GMT" time="63.287" errors="0">
  <testcase name="dbAddCity" time="5.313" classname="clo.DatabaseSettings"/>
  <testcase name="dbEditCity" time="1.843" classname="clo.DatabaseSettings"/>
  <testcase name="dbDeleteCity" time="4.364" classname="clo.DatabaseSettings"/>
  <testcase name="dbaddEmployer" time="4.228" classname="clo.DatabaseSettings"/>
  <testcase name="dbeditEmployer" time="3.129" classname="clo.DatabaseSettings"/>
  <testcase name="dbDeleteEmployer" time="2.339" classname="clo.DatabaseSettings"/>
  <testcase name="dbaddCareProvider" time="3.263" classname="clo.DatabaseSettings"/>
  <testcase name="dbeditCareProvider" time="2.315" classname="clo.DatabaseSettings"/>
  <testcase name="dbDeleteCareProvider" time="2.270" classname="clo.DatabaseSettings"/>
  <testcase name="dbaddReferrals" time="1.849" classname="clo.DatabaseSettings"/>
  <testcase name="dbeditReferrals" time="1.841" classname="clo.DatabaseSettings"/>
  <testcase name="dbDeleteReferrals" time="2.381" classname="clo.DatabaseSettings"/>
  <testcase name="dbaddDonee" time="2.745" classname="clo.DatabaseSettings"/>
  <testcase name="dbeditDonee" time="2.511" classname="clo.DatabaseSettings"/>
  <testcase name="dbDeleteDonee" time="2.279" classname="clo.DatabaseSettings"/>
  <testcase name="dbaddBankRTN" time="1.767" classname="clo.DatabaseSettings"/>
  <testcase name="dbeditBankRTN" time="1.651" classname="clo.DatabaseSettings"/>
  <testcase name="dbDeleteBankRTN" time="2.253" classname="clo.DatabaseSettings"/>
  <testcase name="dbaddOccupations" time="1.793" classname="clo.DatabaseSettings"/>
  <testcase name="dbeditOccupations" time="1.667" classname="clo.DatabaseSettings"/>
  <testcase name="dbDeleteOccupations" time="2.278" classname="clo.DatabaseSettings"/>
  <testcase name="dbaddEducationalInstitute" time="2.764" classname="clo.DatabaseSettings"/>
  <testcase name="dbeditEducationalInstitute" time="1.837" classname="clo.DatabaseSettings"/>
  <testcase name="dbDeleteEducationalInstitute" time="4.607" classname="clo.DatabaseSettings"/>
</testsuite> <!-- clo.DatabaseSettings -->
