<?xml version="1.0" encoding="UTF-8"?>
<!-- Generated by org.testng.reporters.JUnitReportReporter -->
<testsuite skipped="0" hostname="coyote" name="clo.AccountSettings" tests="7" failures="0" timestamp="11 Sep 2019 17:28:38 GMT" time="22.822" errors="0">
  <testcase name="switchYear" time="7.250" classname="clo.AccountSettings"/>
  <testcase name="changePassword" time="2.964" classname="clo.AccountSettings"/>
  <testcase name="changePasswordCancel" time="2.892" classname="clo.AccountSettings"/>
  <testcase name="toggleTrainingMode" time="2.232" classname="clo.AccountSettings"/>
  <testcase name="toggleTrainingModeOff" time="2.252" classname="clo.AccountSettings"/>
  <testcase name="captureSignature" time="2.836" classname="clo.AccountSettings"/>
  <testcase name="loginSettings" time="2.396" classname="clo.AccountSettings"/>
</testsuite> <!-- clo.AccountSettings -->
