<?xml version="1.0" encoding="UTF-8"?>
<!-- Generated by org.testng.reporters.JUnitReportReporter -->
<testsuite skipped="0" hostname="qaint" name="clo.LoginPage" tests="1" failures="0" timestamp="20 Aug 2019 18:05:27 GMT" time="20.949" errors="0">
  <testcase name="loginPositive" time="20.949" classname="clo.LoginPage"/>
</testsuite> <!-- clo.LoginPage -->
