<?xml version="1.0" encoding="UTF-8"?>
<!-- Generated by org.testng.reporters.JUnitReportReporter -->
<testsuite hostname="qaint" name="clo.LoginClo" tests="1" failures="0" timestamp="9 Jan 2019 17:43:28 GMT" time="16.195" errors="0">
  <testcase name="openHomePage" time="16.195" classname="clo.LoginClo"/>
</testsuite> <!-- clo.LoginClo -->
